[01m[K/Rover_2022_2023/software/ros_packages/rover_arm/src/rover_arm.cpp:360:101:[m[K [01;35m[Kwarning: [m[Kâ€˜[01m[Krover_arm_interface::msg::ArmControlMessage_<std::allocator<void> >::ConstPtr[m[Kâ€™ is deprecated [[01;35m[K-Wdeprecated-declarations[m[K]
  360 |     void absolute_position_callback(const rover_arm_interface::msg::ArmControlMessage::ConstPtr &msg[01;35m[K)[m[K {
      |                                                                                                     [01;35m[K^[m[K
In file included from [01m[K/Rover_2022_2023/software/install/rover_arm_interface/include/rover_arm_interface/msg/arm_control_message.hpp:7[m[K,
                 from [01m[K/Rover_2022_2023/software/ros_packages/rover_arm/src/rover_arm.cpp:9[m[K:
[01m[K/Rover_2022_2023/software/install/rover_arm_interface/include/rover_arm_interface/msg/detail/arm_control_message__struct.hpp:192:5:[m[K [01;36m[Knote: [m[Kdeclared here
  192 |     [01;36m[KConstPtr[m[K;
      |     [01;36m[K^~~~~~~~[m[K
[01m[K/Rover_2022_2023/software/ros_packages/rover_arm/src/rover_arm.cpp:391:101:[m[K [01;35m[Kwarning: [m[Kâ€˜[01m[Krover_arm_interface::msg::ArmControlMessage_<std::allocator<void> >::ConstPtr[m[Kâ€™ is deprecated [[01;35m[K-Wdeprecated-declarations[m[K]
  391 |     void relative_position_callback(const rover_arm_interface::msg::ArmControlMessage::ConstPtr &msg[01;35m[K)[m[K {
      |                                                                                                     [01;35m[K^[m[K
In file included from [01m[K/Rover_2022_2023/software/install/rover_arm_interface/include/rover_arm_interface/msg/arm_control_message.hpp:7[m[K,
                 from [01m[K/Rover_2022_2023/software/ros_packages/rover_arm/src/rover_arm.cpp:9[m[K:
[01m[K/Rover_2022_2023/software/install/rover_arm_interface/include/rover_arm_interface/msg/detail/arm_control_message__struct.hpp:192:5:[m[K [01;36m[Knote: [m[Kdeclared here
  192 |     [01;36m[KConstPtr[m[K;
      |     [01;36m[K^~~~~~~~[m[K
[01m[K/Rover_2022_2023/software/ros_packages/rover_arm/src/rover_arm.cpp:420:13:[m[K [01;31m[Kerror: [m[Kâ€˜[01m[KNodeHandle[m[Kâ€™ in namespace â€˜[01m[Krclcpp[m[Kâ€™ does not name a type
  420 |     rclcpp::[01;31m[KNodeHandle[m[K *node_handle;
      |             [01;31m[K^~~~~~~~~~[m[K
[01m[K/Rover_2022_2023/software/ros_packages/rover_arm/src/rover_arm.cpp:426:5:[m[K [01;31m[Kerror: [m[Kinvalid use of template-name â€˜[01m[Krclcpp::Publisher[m[Kâ€™ without an argument list
  426 |     [01;31m[Krclcpp[m[K::Publisher status_publisher;
      |     [01;31m[K^~~~~~[m[K
[01m[K/Rover_2022_2023/software/ros_packages/rover_arm/src/rover_arm.cpp:426:5:[m[K [01;36m[Knote: [m[Kclass template argument deduction is only available with â€˜[01m[K-std=c++17[m[Kâ€™ or â€˜[01m[K-std=gnu++17[m[Kâ€™
In file included from [01m[K/opt/ros/foxy/include/rclcpp/topic_statistics/subscription_topic_statistics.hpp:31[m[K,
                 from [01m[K/opt/ros/foxy/include/rclcpp/subscription.hpp:50[m[K,
                 from [01m[K/opt/ros/foxy/include/rclcpp/any_executable.hpp:25[m[K,
                 from [01m[K/opt/ros/foxy/include/rclcpp/memory_strategy.hpp:24[m[K,
                 from [01m[K/opt/ros/foxy/include/rclcpp/memory_strategies.hpp:18[m[K,
                 from [01m[K/opt/ros/foxy/include/rclcpp/executor_options.hpp:20[m[K,
                 from [01m[K/opt/ros/foxy/include/rclcpp/executor.hpp:33[m[K,
                 from [01m[K/opt/ros/foxy/include/rclcpp/executors/multi_threaded_executor.hpp:26[m[K,
                 from [01m[K/opt/ros/foxy/include/rclcpp/executors.hpp:21[m[K,
                 from [01m[K/opt/ros/foxy/include/rclcpp/rclcpp.hpp:146[m[K,
                 from [01m[K/Rover_2022_2023/software/ros_packages/rover_arm/src/rover_arm.cpp:6[m[K:
[01m[K/opt/ros/foxy/include/rclcpp/publisher.hpp:51:7:[m[K [01;36m[Knote: [m[Kâ€˜[01m[Ktemplate<class MessageT, class AllocatorT> class rclcpp::Publisher[m[Kâ€™ declared here
   51 | class [01;36m[KPublisher[m[K : public PublisherBase
      |       [01;36m[K^~~~~~~~~[m[K
[01m[K/Rover_2022_2023/software/ros_packages/rover_arm/src/rover_arm.cpp:429:13:[m[K [01;31m[Kerror: [m[Kâ€˜[01m[KSubscriber[m[Kâ€™ in namespace â€˜[01m[Krclcpp[m[Kâ€™ does not name a type
  429 |     rclcpp::[01;31m[KSubscriber[m[K absolute_position_control_subscriber;
      |             [01;31m[K^~~~~~~~~~[m[K
[01m[K/Rover_2022_2023/software/ros_packages/rover_arm/src/rover_arm.cpp:430:13:[m[K [01;31m[Kerror: [m[Kâ€˜[01m[KSubscriber[m[Kâ€™ in namespace â€˜[01m[Krclcpp[m[Kâ€™ does not name a type
  430 |     rclcpp::[01;31m[KSubscriber[m[K relative_position_control_subscriber;
      |             [01;31m[K^~~~~~~~~~[m[K
[01m[K/Rover_2022_2023/software/ros_packages/rover_arm/src/rover_arm.cpp:[m[K In constructor â€˜[01m[KRoverArm::RoverArm(int, char**)[m[Kâ€™:
[01m[K/Rover_2022_2023/software/ros_packages/rover_arm/src/rover_arm.cpp:89:15:[m[K [01;31m[Kerror: [m[Kâ€˜[01m[Kusing element_type = class rclcpp::Node[m[Kâ€™ {aka â€˜[01m[Kclass rclcpp::Node[m[Kâ€™} has no member named â€˜[01m[Kparam[m[Kâ€™
   89 |         node->[01;31m[Kparam[m[K("port", arm_port, default_port);
      |               [01;31m[K^~~~~[m[K
[01m[K/Rover_2022_2023/software/ros_packages/rover_arm/src/rover_arm.cpp:95:13:[m[K [01;31m[Kerror: [m[Kâ€˜[01m[KROS_ERROR[m[Kâ€™ was not declared in this scope
   95 |             [01;31m[KROS_ERROR[m[K("Could not connect to arm");
      |             [01;31m[K^~~~~~~~~[m[K
[01m[K/Rover_2022_2023/software/ros_packages/rover_arm/src/rover_arm.cpp:101:9:[m[K [01;31m[Kerror: [m[Kâ€˜[01m[Kabsolute_position_control_subscriber[m[Kâ€™ was not declared in this scope
  101 |         [01;31m[Kabsolute_position_control_subscriber[m[K = node_handle->subscribe(default_absolute_position_control_topic, 1,
      |         [01;31m[K^~~~~~~~~~~~~~~~~~~~~~~~~~~~~~~~~~~~[m[K
[01m[K/Rover_2022_2023/software/ros_packages/rover_arm/src/rover_arm.cpp:101:48:[m[K [01;31m[Kerror: [m[Kâ€˜[01m[Knode_handle[m[Kâ€™ was not declared in this scope
  101 |         absolute_position_control_subscriber = [01;31m[Knode_handle[m[K->subscribe(default_absolute_position_control_topic, 1,
      |                                                [01;31m[K^~~~~~~~~~~[m[K
[01m[K/Rover_2022_2023/software/ros_packages/rover_arm/src/rover_arm.cpp:103:9:[m[K [01;31m[Kerror: [m[Kâ€˜[01m[Krelative_position_control_subscriber[m[Kâ€™ was not declared in this scope
  103 |         [01;31m[Krelative_position_control_subscriber[m[K = node_handle->subscribe(default_relative_position_control_topic, 1,
      |         [01;31m[K^~~~~~~~~~~~~~~~~~~~~~~~~~~~~~~~~~~~[m[K
[01m[K/Rover_2022_2023/software/ros_packages/rover_arm/src/rover_arm.cpp:106:9:[m[K [01;31m[Kerror: [m[Kâ€˜[01m[Kstatus_publisher[m[Kâ€™ was not declared in this scope
  106 |         [01;31m[Kstatus_publisher[m[K = node_handle->advertise<rover_arm_interface::ArmStatusMessage>(default_arm_status_topic, 1);
      |         [01;31m[K^~~~~~~~~~~~~~~~[m[K
[01m[K/Rover_2022_2023/software/ros_packages/rover_arm/src/rover_arm.cpp:106:72:[m[K [01;31m[Kerror: [m[Kâ€˜[01m[KArmStatusMessage[m[Kâ€™ is not a member of â€˜[01m[Krover_arm_interface[m[Kâ€™; did you mean â€˜[01m[Krover_arm_interface::msg::ArmStatusMessage[m[Kâ€™?
  106 |         status_publisher = node_handle->advertise<rover_arm_interface::[01;31m[KArmStatusMessage[m[K>(default_arm_status_topic, 1);
      |                                                                        [01;31m[K^~~~~~~~~~~~~~~~[m[K
In file included from [01m[K/Rover_2022_2023/software/install/rover_arm_interface/include/rover_arm_interface/msg/arm_status_message.hpp:7[m[K,
                 from [01m[K/Rover_2022_2023/software/ros_packages/rover_arm/src/rover_arm.cpp:10[m[K:
[01m[K/Rover_2022_2023/software/install/rover_arm_interface/include/rover_arm_interface/msg/detail/arm_status_message__struct.hpp:443:7:[m[K [01;36m[Knote: [m[Kâ€˜[01m[Krover_arm_interface::msg::ArmStatusMessage[m[Kâ€™ declared here
  443 | using [01;36m[KArmStatusMessage[m[K =
      |       [01;36m[K^~~~~~~~~~~~~~~~[m[K
[01m[K/Rover_2022_2023/software/ros_packages/rover_arm/src/rover_arm.cpp:106:90:[m[K [01;35m[Kwarning: [m[Kleft operand of comma operator has no effect [[01;35m[K-Wunused-value[m[K]
  106 |         status_publisher = node_handle->advertise<rover_arm_interface::ArmStatusMessage>([01;35m[Kdefault_arm_status_topic[m[K, 1);
      |                                                                                          [01;35m[K^~~~~~~~~~~~~~~~~~~~~~~~[m[K
[01m[K/Rover_2022_2023/software/ros_packages/rover_arm/src/rover_arm.cpp:[m[K In member function â€˜[01m[Kvoid RoverArm::run()[m[Kâ€™:
[01m[K/Rover_2022_2023/software/ros_packages/rover_arm/src/rover_arm.cpp:138:21:[m[K [01;31m[Kerror: [m[Kâ€˜[01m[KspinOnce[m[Kâ€™ is not a member of â€˜[01m[Krclcpp[m[Kâ€™
  138 |             rclcpp::[01;31m[KspinOnce[m[K();
      |                     [01;31m[K^~~~~~~~[m[K
[01m[K/Rover_2022_2023/software/ros_packages/rover_arm/src/rover_arm.cpp:142:9:[m[K [01;31m[Kerror: [m[Kâ€˜[01m[KROS_ERROR[m[Kâ€™ was not declared in this scope
  142 |         [01;31m[KROS_ERROR[m[K("Shutting down.");
      |         [01;31m[K^~~~~~~~~[m[K
[01m[K/Rover_2022_2023/software/ros_packages/rover_arm/src/rover_arm.cpp:126:14:[m[K [01;35m[Kwarning: [m[Kunused variable â€˜[01m[Kdir[m[Kâ€™ [[01;35m[K-Wunused-variable[m[K]
  126 |         char [01;35m[Kdir[m[K = 0;
      |              [01;35m[K^~~[m[K
[01m[K/Rover_2022_2023/software/ros_packages/rover_arm/src/rover_arm.cpp:[m[K In member function â€˜[01m[Kvoid RoverArm::get_joint_statuses()[m[Kâ€™:
[01m[K/Rover_2022_2023/software/ros_packages/rover_arm/src/rover_arm.cpp:312:9:[m[K [01;31m[Kerror: [m[Kâ€˜[01m[Kstatus_publisher[m[Kâ€™ was not declared in this scope
  312 |         [01;31m[Kstatus_publisher[m[K.publish(status_message);
      |         [01;31m[K^~~~~~~~~~~~~~~~[m[K
[01m[K/Rover_2022_2023/software/ros_packages/rover_arm/src/rover_arm.cpp:[m[K In member function â€˜[01m[Kvoid RoverArm::absolute_position_callback(const ConstPtr&)[m[Kâ€™:
[01m[K/Rover_2022_2023/software/ros_packages/rover_arm/src/rover_arm.cpp:377:9:[m[K [01;31m[Kerror: [m[Kâ€˜[01m[KROS_INFO[m[Kâ€™ was not declared in this scope
  377 |         [01;31m[KROS_INFO[m[K("BASE: %ld\tSHOULDER: %ld\tELBOW: %ld\tROLL: %ld\tWRIST_PITCH: %ld\tWRIST_ROLL: %ld\t", base_set_position, shoulder_set_position, elbow_set_position, roll_set_position, wrist_pitch_set_position, wrist_roll_set_position);
      |         [01;31m[K^~~~~~~~[m[K
make[2]: *** [CMakeFiles/rover_arm.dir/build.make:63: CMakeFiles/rover_arm.dir/src/rover_arm.cpp.o] Error 1
make[1]: *** [CMakeFiles/Makefile2:78: CMakeFiles/rover_arm.dir/all] Error 2
make: *** [Makefile:141: all] Error 2
