[0.075s] Invoking command in '/Rover_2022_2023/software/build/rover_arm': CMAKE_PREFIX_PATH=/Rover_2022_2023/software/install/rover_arm_interface:/Rover_2022_2023/software/install/tutorial_service:/Rover_2022_2023/software/install/tutorial_interfaces:/opt/ros/foxy LD_LIBRARY_PATH=/Rover_2022_2023/software/install/rover_arm_interface/lib:/Rover_2022_2023/software/install/tutorial_interfaces/lib:/opt/ros/foxy/opt/yaml_cpp_vendor/lib:/opt/ros/foxy/opt/rviz_ogre_vendor/lib:/opt/ros/foxy/lib/x86_64-linux-gnu:/opt/ros/foxy/lib PYTHONPATH=/Rover_2022_2023/software/install/rover_arm_interface/lib/python3.8/site-packages:/Rover_2022_2023/software/install/tutorial_interfaces/lib/python3.8/site-packages:/opt/ros/foxy/lib/python3.8/site-packages /usr/bin/cmake --build /Rover_2022_2023/software/build/rover_arm -- -j12 -l12
[0.237s] [35m[1mScanning dependencies of target rover_arm[0m
[0.333s] [ 50%] [32mBuilding CXX object CMakeFiles/rover_arm.dir/src/rover_arm.cpp.o[0m
[4.749s] [01m[K/Rover_2022_2023/software/ros_packages/rover_arm/src/rover_arm.cpp:360:101:[m[K [01;35m[Kwarning: [m[Kâ€˜[01m[Krover_arm_interface::msg::ArmControlMessage_<std::allocator<void> >::ConstPtr[m[Kâ€™ is deprecated [[01;35m[K-Wdeprecated-declarations[m[K]
[4.749s]   360 |     void absolute_position_callback(const rover_arm_interface::msg::ArmControlMessage::ConstPtr &msg[01;35m[K)[m[K {
[4.750s]       |                                                                                                     [01;35m[K^[m[K
[4.750s] In file included from [01m[K/Rover_2022_2023/software/install/rover_arm_interface/include/rover_arm_interface/msg/arm_control_message.hpp:7[m[K,
[4.750s]                  from [01m[K/Rover_2022_2023/software/ros_packages/rover_arm/src/rover_arm.cpp:9[m[K:
[4.750s] [01m[K/Rover_2022_2023/software/install/rover_arm_interface/include/rover_arm_interface/msg/detail/arm_control_message__struct.hpp:192:5:[m[K [01;36m[Knote: [m[Kdeclared here
[4.751s]   192 |     [01;36m[KConstPtr[m[K;
[4.751s]       |     [01;36m[K^~~~~~~~[m[K
[4.751s] [01m[K/Rover_2022_2023/software/ros_packages/rover_arm/src/rover_arm.cpp:391:101:[m[K [01;35m[Kwarning: [m[Kâ€˜[01m[Krover_arm_interface::msg::ArmControlMessage_<std::allocator<void> >::ConstPtr[m[Kâ€™ is deprecated [[01;35m[K-Wdeprecated-declarations[m[K]
[4.751s]   391 |     void relative_position_callback(const rover_arm_interface::msg::ArmControlMessage::ConstPtr &msg[01;35m[K)[m[K {
[4.752s]       |                                                                                                     [01;35m[K^[m[K
[4.752s] In file included from [01m[K/Rover_2022_2023/software/install/rover_arm_interface/include/rover_arm_interface/msg/arm_control_message.hpp:7[m[K,
[4.752s]                  from [01m[K/Rover_2022_2023/software/ros_packages/rover_arm/src/rover_arm.cpp:9[m[K:
[4.753s] [01m[K/Rover_2022_2023/software/install/rover_arm_interface/include/rover_arm_interface/msg/detail/arm_control_message__struct.hpp:192:5:[m[K [01;36m[Knote: [m[Kdeclared here
[4.753s]   192 |     [01;36m[KConstPtr[m[K;
[4.753s]       |     [01;36m[K^~~~~~~~[m[K
[4.754s] [01m[K/Rover_2022_2023/software/ros_packages/rover_arm/src/rover_arm.cpp:420:13:[m[K [01;31m[Kerror: [m[Kâ€˜[01m[KNodeHandle[m[Kâ€™ in namespace â€˜[01m[Krclcpp[m[Kâ€™ does not name a type
[4.754s]   420 |     rclcpp::[01;31m[KNodeHandle[m[K *node_handle;
[4.754s]       |             [01;31m[K^~~~~~~~~~[m[K
[4.754s] [01m[K/Rover_2022_2023/software/ros_packages/rover_arm/src/rover_arm.cpp:426:5:[m[K [01;31m[Kerror: [m[Kinvalid use of template-name â€˜[01m[Krclcpp::Publisher[m[Kâ€™ without an argument list
[4.754s]   426 |     [01;31m[Krclcpp[m[K::Publisher status_publisher;
[4.755s]       |     [01;31m[K^~~~~~[m[K
[4.755s] [01m[K/Rover_2022_2023/software/ros_packages/rover_arm/src/rover_arm.cpp:426:5:[m[K [01;36m[Knote: [m[Kclass template argument deduction is only available with â€˜[01m[K-std=c++17[m[Kâ€™ or â€˜[01m[K-std=gnu++17[m[Kâ€™
[4.755s] In file included from [01m[K/opt/ros/foxy/include/rclcpp/topic_statistics/subscription_topic_statistics.hpp:31[m[K,
[4.756s]                  from [01m[K/opt/ros/foxy/include/rclcpp/subscription.hpp:50[m[K,
[4.756s]                  from [01m[K/opt/ros/foxy/include/rclcpp/any_executable.hpp:25[m[K,
[4.756s]                  from [01m[K/opt/ros/foxy/include/rclcpp/memory_strategy.hpp:24[m[K,
[4.757s]                  from [01m[K/opt/ros/foxy/include/rclcpp/memory_strategies.hpp:18[m[K,
[4.757s]                  from [01m[K/opt/ros/foxy/include/rclcpp/executor_options.hpp:20[m[K,
[4.757s]                  from [01m[K/opt/ros/foxy/include/rclcpp/executor.hpp:33[m[K,
[4.757s]                  from [01m[K/opt/ros/foxy/include/rclcpp/executors/multi_threaded_executor.hpp:26[m[K,
[4.758s]                  from [01m[K/opt/ros/foxy/include/rclcpp/executors.hpp:21[m[K,
[4.758s]                  from [01m[K/opt/ros/foxy/include/rclcpp/rclcpp.hpp:146[m[K,
[4.758s]                  from [01m[K/Rover_2022_2023/software/ros_packages/rover_arm/src/rover_arm.cpp:6[m[K:
[4.759s] [01m[K/opt/ros/foxy/include/rclcpp/publisher.hpp:51:7:[m[K [01;36m[Knote: [m[Kâ€˜[01m[Ktemplate<class MessageT, class AllocatorT> class rclcpp::Publisher[m[Kâ€™ declared here
[4.759s]    51 | class [01;36m[KPublisher[m[K : public PublisherBase
[4.759s]       |       [01;36m[K^~~~~~~~~[m[K
[4.760s] [01m[K/Rover_2022_2023/software/ros_packages/rover_arm/src/rover_arm.cpp:429:13:[m[K [01;31m[Kerror: [m[Kâ€˜[01m[KSubscriber[m[Kâ€™ in namespace â€˜[01m[Krclcpp[m[Kâ€™ does not name a type
[4.760s]   429 |     rclcpp::[01;31m[KSubscriber[m[K absolute_position_control_subscriber;
[4.760s]       |             [01;31m[K^~~~~~~~~~[m[K
[4.760s] [01m[K/Rover_2022_2023/software/ros_packages/rover_arm/src/rover_arm.cpp:430:13:[m[K [01;31m[Kerror: [m[Kâ€˜[01m[KSubscriber[m[Kâ€™ in namespace â€˜[01m[Krclcpp[m[Kâ€™ does not name a type
[4.761s]   430 |     rclcpp::[01;31m[KSubscriber[m[K relative_position_control_subscriber;
[4.761s]       |             [01;31m[K^~~~~~~~~~[m[K
[4.761s] [01m[K/Rover_2022_2023/software/ros_packages/rover_arm/src/rover_arm.cpp:[m[K In constructor â€˜[01m[KRoverArm::RoverArm(int, char**)[m[Kâ€™:
[4.762s] [01m[K/Rover_2022_2023/software/ros_packages/rover_arm/src/rover_arm.cpp:89:15:[m[K [01;31m[Kerror: [m[Kâ€˜[01m[Kusing element_type = class rclcpp::Node[m[Kâ€™ {aka â€˜[01m[Kclass rclcpp::Node[m[Kâ€™} has no member named â€˜[01m[Kparam[m[Kâ€™
[4.762s]    89 |         node->[01;31m[Kparam[m[K("port", arm_port, default_port);
[4.762s]       |               [01;31m[K^~~~~[m[K
[4.763s] [01m[K/Rover_2022_2023/software/ros_packages/rover_arm/src/rover_arm.cpp:95:13:[m[K [01;31m[Kerror: [m[Kâ€˜[01m[KROS_ERROR[m[Kâ€™ was not declared in this scope
[4.763s]    95 |             [01;31m[KROS_ERROR[m[K("Could not connect to arm");
[4.763s]       |             [01;31m[K^~~~~~~~~[m[K
[4.785s] [01m[K/Rover_2022_2023/software/ros_packages/rover_arm/src/rover_arm.cpp:101:9:[m[K [01;31m[Kerror: [m[Kâ€˜[01m[Kabsolute_position_control_subscriber[m[Kâ€™ was not declared in this scope
[4.786s]   101 |         [01;31m[Kabsolute_position_control_subscriber[m[K = node_handle->subscribe(default_absolute_position_control_topic, 1,
[4.786s]       |         [01;31m[K^~~~~~~~~~~~~~~~~~~~~~~~~~~~~~~~~~~~[m[K
[4.793s] [01m[K/Rover_2022_2023/software/ros_packages/rover_arm/src/rover_arm.cpp:101:48:[m[K [01;31m[Kerror: [m[Kâ€˜[01m[Knode_handle[m[Kâ€™ was not declared in this scope
[4.793s]   101 |         absolute_position_control_subscriber = [01;31m[Knode_handle[m[K->subscribe(default_absolute_position_control_topic, 1,
[4.794s]       |                                                [01;31m[K^~~~~~~~~~~[m[K
[4.814s] [01m[K/Rover_2022_2023/software/ros_packages/rover_arm/src/rover_arm.cpp:103:9:[m[K [01;31m[Kerror: [m[Kâ€˜[01m[Krelative_position_control_subscriber[m[Kâ€™ was not declared in this scope
[4.814s]   103 |         [01;31m[Krelative_position_control_subscriber[m[K = node_handle->subscribe(default_relative_position_control_topic, 1,
[4.815s]       |         [01;31m[K^~~~~~~~~~~~~~~~~~~~~~~~~~~~~~~~~~~~[m[K
[4.825s] [01m[K/Rover_2022_2023/software/ros_packages/rover_arm/src/rover_arm.cpp:106:9:[m[K [01;31m[Kerror: [m[Kâ€˜[01m[Kstatus_publisher[m[Kâ€™ was not declared in this scope
[4.825s]   106 |         [01;31m[Kstatus_publisher[m[K = node_handle->advertise<rover_arm_interface::ArmStatusMessage>(default_arm_status_topic, 1);
[4.826s]       |         [01;31m[K^~~~~~~~~~~~~~~~[m[K
[4.826s] [01m[K/Rover_2022_2023/software/ros_packages/rover_arm/src/rover_arm.cpp:106:72:[m[K [01;31m[Kerror: [m[Kâ€˜[01m[KArmStatusMessage[m[Kâ€™ is not a member of â€˜[01m[Krover_arm_interface[m[Kâ€™; did you mean â€˜[01m[Krover_arm_interface::msg::ArmStatusMessage[m[Kâ€™?
[4.827s]   106 |         status_publisher = node_handle->advertise<rover_arm_interface::[01;31m[KArmStatusMessage[m[K>(default_arm_status_topic, 1);
[4.827s]       |                                                                        [01;31m[K^~~~~~~~~~~~~~~~[m[K
[4.827s] In file included from [01m[K/Rover_2022_2023/software/install/rover_arm_interface/include/rover_arm_interface/msg/arm_status_message.hpp:7[m[K,
[4.827s]                  from [01m[K/Rover_2022_2023/software/ros_packages/rover_arm/src/rover_arm.cpp:10[m[K:
[4.828s] [01m[K/Rover_2022_2023/software/install/rover_arm_interface/include/rover_arm_interface/msg/detail/arm_status_message__struct.hpp:443:7:[m[K [01;36m[Knote: [m[Kâ€˜[01m[Krover_arm_interface::msg::ArmStatusMessage[m[Kâ€™ declared here
[4.828s]   443 | using [01;36m[KArmStatusMessage[m[K =
[4.828s]       |       [01;36m[K^~~~~~~~~~~~~~~~[m[K
[4.828s] [01m[K/Rover_2022_2023/software/ros_packages/rover_arm/src/rover_arm.cpp:106:90:[m[K [01;35m[Kwarning: [m[Kleft operand of comma operator has no effect [[01;35m[K-Wunused-value[m[K]
[4.829s]   106 |         status_publisher = node_handle->advertise<rover_arm_interface::ArmStatusMessage>([01;35m[Kdefault_arm_status_topic[m[K, 1);
[4.829s]       |                                                                                          [01;35m[K^~~~~~~~~~~~~~~~~~~~~~~~[m[K
[4.830s] [01m[K/Rover_2022_2023/software/ros_packages/rover_arm/src/rover_arm.cpp:[m[K In member function â€˜[01m[Kvoid RoverArm::run()[m[Kâ€™:
[4.830s] [01m[K/Rover_2022_2023/software/ros_packages/rover_arm/src/rover_arm.cpp:138:21:[m[K [01;31m[Kerror: [m[Kâ€˜[01m[KspinOnce[m[Kâ€™ is not a member of â€˜[01m[Krclcpp[m[Kâ€™
[4.831s]   138 |             rclcpp::[01;31m[KspinOnce[m[K();
[4.831s]       |                     [01;31m[K^~~~~~~~[m[K
[4.837s] [01m[K/Rover_2022_2023/software/ros_packages/rover_arm/src/rover_arm.cpp:142:9:[m[K [01;31m[Kerror: [m[Kâ€˜[01m[KROS_ERROR[m[Kâ€™ was not declared in this scope
[4.838s]   142 |         [01;31m[KROS_ERROR[m[K("Shutting down.");
[4.838s]       |         [01;31m[K^~~~~~~~~[m[K
[4.838s] [01m[K/Rover_2022_2023/software/ros_packages/rover_arm/src/rover_arm.cpp:126:14:[m[K [01;35m[Kwarning: [m[Kunused variable â€˜[01m[Kdir[m[Kâ€™ [[01;35m[K-Wunused-variable[m[K]
[4.838s]   126 |         char [01;35m[Kdir[m[K = 0;
[4.839s]       |              [01;35m[K^~~[m[K
[4.855s] [01m[K/Rover_2022_2023/software/ros_packages/rover_arm/src/rover_arm.cpp:[m[K In member function â€˜[01m[Kvoid RoverArm::get_joint_statuses()[m[Kâ€™:
[4.856s] [01m[K/Rover_2022_2023/software/ros_packages/rover_arm/src/rover_arm.cpp:312:9:[m[K [01;31m[Kerror: [m[Kâ€˜[01m[Kstatus_publisher[m[Kâ€™ was not declared in this scope
[4.856s]   312 |         [01;31m[Kstatus_publisher[m[K.publish(status_message);
[4.856s]       |         [01;31m[K^~~~~~~~~~~~~~~~[m[K
[4.875s] [01m[K/Rover_2022_2023/software/ros_packages/rover_arm/src/rover_arm.cpp:[m[K In member function â€˜[01m[Kvoid RoverArm::absolute_position_callback(const ConstPtr&)[m[Kâ€™:
[4.875s] [01m[K/Rover_2022_2023/software/ros_packages/rover_arm/src/rover_arm.cpp:377:9:[m[K [01;31m[Kerror: [m[Kâ€˜[01m[KROS_INFO[m[Kâ€™ was not declared in this scope
[4.875s]   377 |         [01;31m[KROS_INFO[m[K("BASE: %ld\tSHOULDER: %ld\tELBOW: %ld\tROLL: %ld\tWRIST_PITCH: %ld\tWRIST_ROLL: %ld\t", base_set_position, shoulder_set_position, elbow_set_position, roll_set_position, wrist_pitch_set_position, wrist_roll_set_position);
[4.876s]       |         [01;31m[K^~~~~~~~[m[K
[6.129s] make[2]: *** [CMakeFiles/rover_arm.dir/build.make:63: CMakeFiles/rover_arm.dir/src/rover_arm.cpp.o] Error 1
[6.130s] make[1]: *** [CMakeFiles/Makefile2:78: CMakeFiles/rover_arm.dir/all] Error 2
[6.131s] make: *** [Makefile:141: all] Error 2
[6.135s] Invoked command in '/Rover_2022_2023/software/build/rover_arm' returned '2': CMAKE_PREFIX_PATH=/Rover_2022_2023/software/install/rover_arm_interface:/Rover_2022_2023/software/install/tutorial_service:/Rover_2022_2023/software/install/tutorial_interfaces:/opt/ros/foxy LD_LIBRARY_PATH=/Rover_2022_2023/software/install/rover_arm_interface/lib:/Rover_2022_2023/software/install/tutorial_interfaces/lib:/opt/ros/foxy/opt/yaml_cpp_vendor/lib:/opt/ros/foxy/opt/rviz_ogre_vendor/lib:/opt/ros/foxy/lib/x86_64-linux-gnu:/opt/ros/foxy/lib PYTHONPATH=/Rover_2022_2023/software/install/rover_arm_interface/lib/python3.8/site-packages:/Rover_2022_2023/software/install/tutorial_interfaces/lib/python3.8/site-packages:/opt/ros/foxy/lib/python3.8/site-packages /usr/bin/cmake --build /Rover_2022_2023/software/build/rover_arm -- -j12 -l12
