[0.080s] Invoking command in '/Rover_2022_2023/software/build/rover_arm': CMAKE_PREFIX_PATH=/Rover_2022_2023/software/install/rover_arm_interface:/Rover_2022_2023/software/install/tutorial_service:/Rover_2022_2023/software/install/tutorial_interfaces:/opt/ros/foxy LD_LIBRARY_PATH=/Rover_2022_2023/software/install/rover_arm_interface/lib:/Rover_2022_2023/software/install/tutorial_interfaces/lib:/opt/ros/foxy/opt/yaml_cpp_vendor/lib:/opt/ros/foxy/opt/rviz_ogre_vendor/lib:/opt/ros/foxy/lib/x86_64-linux-gnu:/opt/ros/foxy/lib PYTHONPATH=/Rover_2022_2023/software/install/rover_arm_interface/lib/python3.8/site-packages:/Rover_2022_2023/software/install/tutorial_interfaces/lib/python3.8/site-packages:/opt/ros/foxy/lib/python3.8/site-packages /usr/bin/cmake --build /Rover_2022_2023/software/build/rover_arm -- -j12 -l12
[0.298s] [ 50%] [32mBuilding CXX object CMakeFiles/rover_arm.dir/src/rover_arm.cpp.o[0m
[4.463s] [01m[K/Rover_2022_2023/software/ros_packages/rover_arm/src/rover_arm.cpp:358:43:[m[K [01;31m[Kerror: [m[Kâ€˜[01m[Krover_arm[m[Kâ€™ does not name a type; did you mean â€˜[01m[KRoverArm[m[Kâ€™?
[4.463s]   358 |     void absolute_position_callback(const [01;31m[Krover_arm[m[K::ArmControlMessage::ConstPtr &msg) {
[4.463s]       |                                           [01;31m[K^~~~~~~~~[m[K
[4.463s]       |                                           [32m[KRoverArm[m[K
[4.464s] [01m[K/Rover_2022_2023/software/ros_packages/rover_arm/src/rover_arm.cpp:358:71:[m[K [01;31m[Kerror: [m[Kexpected unqualified-id before â€˜[01m[K::[m[Kâ€™ token
[4.464s]   358 |     void absolute_position_callback(const rover_arm::ArmControlMessage[01;31m[K::[m[KConstPtr &msg) {
[4.464s]       |                                                                       [01;31m[K^~[m[K
[4.465s] [01m[K/Rover_2022_2023/software/ros_packages/rover_arm/src/rover_arm.cpp:358:71:[m[K [01;31m[Kerror: [m[Kexpected â€˜[01m[K)[m[Kâ€™ before â€˜[01m[K::[m[Kâ€™ token
[4.465s]   358 |     void absolute_position_callback[34m[K([m[Kconst rover_arm::ArmControlMessage[01;31m[K:[m[K[32m[K:[m[KConstPtr &msg) {
[4.465s]       |                                    [34m[K~[m[K                                  [01;31m[K^[m[K[32m[K~[m[K
[4.466s]       |                                                                       [32m[K)[m[K
[4.466s] [01m[K/Rover_2022_2023/software/ros_packages/rover_arm/src/rover_arm.cpp:358:54:[m[K [01;31m[Kerror: [m[Kexpected â€˜[01m[K;[m[Kâ€™ at end of member declaration
[4.466s]   358 |     void absolute_position_callback(const rover_arm::[01;31m[KArmControlMessage[m[K::ConstPtr &msg) {
[4.466s]       |                                                      [01;31m[K^~~~~~~~~~~~~~~~~[m[K
[4.467s]       |                                                                       [32m[K;[m[K
[4.467s] [01m[K/Rover_2022_2023/software/ros_packages/rover_arm/src/rover_arm.cpp:358:73:[m[K [01;31m[Kerror: [m[Kâ€˜[01m[KConstPtr[m[Kâ€™ in namespace â€˜[01m[K::[m[Kâ€™ does not name a type
[4.467s]   358 |     void absolute_position_callback(const rover_arm::ArmControlMessage::[01;31m[KConstPtr[m[K &msg) {
[4.468s]       |                                                                         [01;31m[K^~~~~~~~[m[K
[4.470s] [01m[K/Rover_2022_2023/software/ros_packages/rover_arm/src/rover_arm.cpp:389:43:[m[K [01;31m[Kerror: [m[Kâ€˜[01m[Krover_arm[m[Kâ€™ does not name a type; did you mean â€˜[01m[KRoverArm[m[Kâ€™?
[4.470s]   389 |     void relative_position_callback(const [01;31m[Krover_arm[m[K::ArmControlMessage::ConstPtr &msg) {
[4.470s]       |                                           [01;31m[K^~~~~~~~~[m[K
[4.471s]       |                                           [32m[KRoverArm[m[K
[4.471s] [01m[K/Rover_2022_2023/software/ros_packages/rover_arm/src/rover_arm.cpp:389:71:[m[K [01;31m[Kerror: [m[Kexpected unqualified-id before â€˜[01m[K::[m[Kâ€™ token
[4.471s]   389 |     void relative_position_callback(const rover_arm::ArmControlMessage[01;31m[K::[m[KConstPtr &msg) {
[4.472s]       |                                                                       [01;31m[K^~[m[K
[4.472s] [01m[K/Rover_2022_2023/software/ros_packages/rover_arm/src/rover_arm.cpp:389:71:[m[K [01;31m[Kerror: [m[Kexpected â€˜[01m[K)[m[Kâ€™ before â€˜[01m[K::[m[Kâ€™ token
[4.472s]   389 |     void relative_position_callback[34m[K([m[Kconst rover_arm::ArmControlMessage[01;31m[K:[m[K[32m[K:[m[KConstPtr &msg) {
[4.473s]       |                                    [34m[K~[m[K                                  [01;31m[K^[m[K[32m[K~[m[K
[4.473s]       |                                                                       [32m[K)[m[K
[4.473s] [01m[K/Rover_2022_2023/software/ros_packages/rover_arm/src/rover_arm.cpp:389:54:[m[K [01;31m[Kerror: [m[Kexpected â€˜[01m[K;[m[Kâ€™ at end of member declaration
[4.473s]   389 |     void relative_position_callback(const rover_arm::[01;31m[KArmControlMessage[m[K::ConstPtr &msg) {
[4.474s]       |                                                      [01;31m[K^~~~~~~~~~~~~~~~~[m[K
[4.474s]       |                                                                       [32m[K;[m[K
[4.474s] [01m[K/Rover_2022_2023/software/ros_packages/rover_arm/src/rover_arm.cpp:389:73:[m[K [01;31m[Kerror: [m[Kâ€˜[01m[KConstPtr[m[Kâ€™ in namespace â€˜[01m[K::[m[Kâ€™ does not name a type
[4.474s]   389 |     void relative_position_callback(const rover_arm::ArmControlMessage::[01;31m[KConstPtr[m[K &msg) {
[4.475s]       |                                                                         [01;31m[K^~~~~~~~[m[K
[4.475s] [01m[K/Rover_2022_2023/software/ros_packages/rover_arm/src/rover_arm.cpp:418:5:[m[K [01;31m[Kerror: [m[Kâ€˜[01m[Kros[m[Kâ€™ does not name a type; did you mean â€˜[01m[Kcos[m[Kâ€™?
[4.475s]   418 |     [01;31m[Kros[m[K::NodeHandle *node_handle;
[4.476s]       |     [01;31m[K^~~[m[K
[4.476s]       |     [32m[Kcos[m[K
[4.476s] [01m[K/Rover_2022_2023/software/ros_packages/rover_arm/src/rover_arm.cpp:424:5:[m[K [01;31m[Kerror: [m[Kâ€˜[01m[Kros[m[Kâ€™ does not name a type; did you mean â€˜[01m[Kcos[m[Kâ€™?
[4.477s]   424 |     [01;31m[Kros[m[K::Publisher status_publisher;
[4.477s]       |     [01;31m[K^~~[m[K
[4.477s]       |     [32m[Kcos[m[K
[4.480s] [01m[K/Rover_2022_2023/software/ros_packages/rover_arm/src/rover_arm.cpp:425:5:[m[K [01;31m[Kerror: [m[Kâ€˜[01m[Krover_arm[m[Kâ€™ does not name a type; did you mean â€˜[01m[KRoverArm[m[Kâ€™?
[4.480s]   425 |     [01;31m[Krover_arm[m[K::ArmStatusMessage status_message;
[4.481s]       |     [01;31m[K^~~~~~~~~[m[K
[4.481s]       |     [32m[KRoverArm[m[K
[4.482s] [01m[K/Rover_2022_2023/software/ros_packages/rover_arm/src/rover_arm.cpp:427:5:[m[K [01;31m[Kerror: [m[Kâ€˜[01m[Kros[m[Kâ€™ does not name a type; did you mean â€˜[01m[Kcos[m[Kâ€™?
[4.482s]   427 |     [01;31m[Kros[m[K::Subscriber absolute_position_control_subscriber;
[4.483s]       |     [01;31m[K^~~[m[K
[4.483s]       |     [32m[Kcos[m[K
[4.484s] [01m[K/Rover_2022_2023/software/ros_packages/rover_arm/src/rover_arm.cpp:428:5:[m[K [01;31m[Kerror: [m[Kâ€˜[01m[Kros[m[Kâ€™ does not name a type; did you mean â€˜[01m[Kcos[m[Kâ€™?
[4.484s]   428 |     [01;31m[Kros[m[K::Subscriber relative_position_control_subscriber;
[4.484s]       |     [01;31m[K^~~[m[K
[4.485s]       |     [32m[Kcos[m[K
[4.485s] [01m[K/Rover_2022_2023/software/ros_packages/rover_arm/src/rover_arm.cpp:[m[K In constructor â€˜[01m[KRoverArm::RoverArm(int, char**)[m[Kâ€™:
[4.486s] [01m[K/Rover_2022_2023/software/ros_packages/rover_arm/src/rover_arm.cpp:84:9:[m[K [01;31m[Kerror: [m[Kâ€˜[01m[Kros[m[Kâ€™ has not been declared
[4.486s]    84 |         [01;31m[Kros[m[K::init(argc, argv, "rover_arm");
[4.486s]       |         [01;31m[K^~~[m[K
[4.493s] [01m[K/Rover_2022_2023/software/ros_packages/rover_arm/src/rover_arm.cpp:86:9:[m[K [01;31m[Kerror: [m[Kâ€˜[01m[Knode_handle[m[Kâ€™ was not declared in this scope
[4.493s]    86 |         [01;31m[Knode_handle[m[K = new ros::NodeHandle("~");
[4.494s]       |         [01;31m[K^~~~~~~~~~~[m[K
[4.495s] [01m[K/Rover_2022_2023/software/ros_packages/rover_arm/src/rover_arm.cpp:86:27:[m[K [01;31m[Kerror: [m[Kâ€˜[01m[Kros[m[Kâ€™ does not name a type; did you mean â€˜[01m[Kcos[m[Kâ€™?
[4.495s]    86 |         node_handle = new [01;31m[Kros[m[K::NodeHandle("~");
[4.495s]       |                           [01;31m[K^~~[m[K
[4.496s]       |                           [32m[Kcos[m[K
[4.501s] [01m[K/Rover_2022_2023/software/ros_packages/rover_arm/src/rover_arm.cpp:93:13:[m[K [01;31m[Kerror: [m[Kâ€˜[01m[KROS_ERROR[m[Kâ€™ was not declared in this scope
[4.501s]    93 |             [01;31m[KROS_ERROR[m[K("Could not connect to arm");
[4.502s]       |             [01;31m[K^~~~~~~~~[m[K
[4.523s] [01m[K/Rover_2022_2023/software/ros_packages/rover_arm/src/rover_arm.cpp:99:9:[m[K [01;31m[Kerror: [m[Kâ€˜[01m[Kabsolute_position_control_subscriber[m[Kâ€™ was not declared in this scope
[4.523s]    99 |         [01;31m[Kabsolute_position_control_subscriber[m[K = node_handle->subscribe(default_absolute_position_control_topic, 1,
[4.524s]       |         [01;31m[K^~~~~~~~~~~~~~~~~~~~~~~~~~~~~~~~~~~~[m[K
[4.548s] [01m[K/Rover_2022_2023/software/ros_packages/rover_arm/src/rover_arm.cpp:101:9:[m[K [01;31m[Kerror: [m[Kâ€˜[01m[Krelative_position_control_subscriber[m[Kâ€™ was not declared in this scope
[4.548s]   101 |         [01;31m[Krelative_position_control_subscriber[m[K = node_handle->subscribe(default_relative_position_control_topic, 1,
[4.549s]       |         [01;31m[K^~~~~~~~~~~~~~~~~~~~~~~~~~~~~~~~~~~~[m[K
[4.562s] [01m[K/Rover_2022_2023/software/ros_packages/rover_arm/src/rover_arm.cpp:104:9:[m[K [01;31m[Kerror: [m[Kâ€˜[01m[Kstatus_publisher[m[Kâ€™ was not declared in this scope
[4.562s]   104 |         [01;31m[Kstatus_publisher[m[K = node_handle->advertise<rover_arm::ArmStatusMessage>(default_arm_status_topic, 1);
[4.563s]       |         [01;31m[K^~~~~~~~~~~~~~~~[m[K
[4.563s] [01m[K/Rover_2022_2023/software/ros_packages/rover_arm/src/rover_arm.cpp:104:51:[m[K [01;31m[Kerror: [m[Kâ€˜[01m[Krover_arm[m[Kâ€™ has not been declared
[4.563s]   104 |         status_publisher = node_handle->advertise<[01;31m[Krover_arm[m[K::ArmStatusMessage>(default_arm_status_topic, 1);
[4.564s]       |                                                   [01;31m[K^~~~~~~~~[m[K
[4.564s] [01m[K/Rover_2022_2023/software/ros_packages/rover_arm/src/rover_arm.cpp:104:80:[m[K [01;35m[Kwarning: [m[Kleft operand of comma operator has no effect [[01;35m[K-Wunused-value[m[K]
[4.565s]   104 |         status_publisher = node_handle->advertise<rover_arm::ArmStatusMessage>([01;35m[Kdefault_arm_status_topic[m[K, 1);
[4.565s]       |                                                                                [01;35m[K^~~~~~~~~~~~~~~~~~~~~~~~[m[K
[4.565s] [01m[K/Rover_2022_2023/software/ros_packages/rover_arm/src/rover_arm.cpp:[m[K In member function â€˜[01m[Kvoid RoverArm::run()[m[Kâ€™:
[4.566s] [01m[K/Rover_2022_2023/software/ros_packages/rover_arm/src/rover_arm.cpp:127:16:[m[K [01;31m[Kerror: [m[Kâ€˜[01m[Kros[m[Kâ€™ has not been declared
[4.566s]   127 |         while ([01;31m[Kros[m[K::ok()) {
[4.567s]       |                [01;31m[K^~~[m[K
[4.567s] [01m[K/Rover_2022_2023/software/ros_packages/rover_arm/src/rover_arm.cpp:136:13:[m[K [01;31m[Kerror: [m[Kâ€˜[01m[Kros[m[Kâ€™ has not been declared
[4.568s]   136 |             [01;31m[Kros[m[K::spinOnce();
[4.568s]       |             [01;31m[K^~~[m[K
[4.572s] [01m[K/Rover_2022_2023/software/ros_packages/rover_arm/src/rover_arm.cpp:140:9:[m[K [01;31m[Kerror: [m[Kâ€˜[01m[KROS_ERROR[m[Kâ€™ was not declared in this scope
[4.572s]   140 |         [01;31m[KROS_ERROR[m[K("Shutting down.");
[4.572s]       |         [01;31m[K^~~~~~~~~[m[K
[4.573s] [01m[K/Rover_2022_2023/software/ros_packages/rover_arm/src/rover_arm.cpp:124:14:[m[K [01;35m[Kwarning: [m[Kunused variable â€˜[01m[Kdir[m[Kâ€™ [[01;35m[K-Wunused-variable[m[K]
[4.573s]   124 |         char [01;35m[Kdir[m[K = 0;
[4.573s]       |              [01;35m[K^~~[m[K
[4.587s] [01m[K/Rover_2022_2023/software/ros_packages/rover_arm/src/rover_arm.cpp:[m[K In member function â€˜[01m[Kvoid RoverArm::get_joint_statuses()[m[Kâ€™:
[4.587s] [01m[K/Rover_2022_2023/software/ros_packages/rover_arm/src/rover_arm.cpp:282:9:[m[K [01;31m[Kerror: [m[Kâ€˜[01m[Kstatus_message[m[Kâ€™ was not declared in this scope
[4.587s]   282 |         [01;31m[Kstatus_message[m[K.base = base_current_position / double(base_counts_per_rev);
[4.588s]       |         [01;31m[K^~~~~~~~~~~~~~[m[K
[4.598s] [01m[K/Rover_2022_2023/software/ros_packages/rover_arm/src/rover_arm.cpp:310:9:[m[K [01;31m[Kerror: [m[Kâ€˜[01m[Kstatus_publisher[m[Kâ€™ was not declared in this scope
[4.599s]   310 |         [01;31m[Kstatus_publisher[m[K.publish(status_message);
[4.599s]       |         [01;31m[K^~~~~~~~~~~~~~~~[m[K
[5.742s] make[2]: *** [CMakeFiles/rover_arm.dir/build.make:63: CMakeFiles/rover_arm.dir/src/rover_arm.cpp.o] Error 1
[5.743s] make[1]: *** [CMakeFiles/Makefile2:78: CMakeFiles/rover_arm.dir/all] Error 2
[5.744s] make: *** [Makefile:141: all] Error 2
[5.750s] Invoked command in '/Rover_2022_2023/software/build/rover_arm' returned '2': CMAKE_PREFIX_PATH=/Rover_2022_2023/software/install/rover_arm_interface:/Rover_2022_2023/software/install/tutorial_service:/Rover_2022_2023/software/install/tutorial_interfaces:/opt/ros/foxy LD_LIBRARY_PATH=/Rover_2022_2023/software/install/rover_arm_interface/lib:/Rover_2022_2023/software/install/tutorial_interfaces/lib:/opt/ros/foxy/opt/yaml_cpp_vendor/lib:/opt/ros/foxy/opt/rviz_ogre_vendor/lib:/opt/ros/foxy/lib/x86_64-linux-gnu:/opt/ros/foxy/lib PYTHONPATH=/Rover_2022_2023/software/install/rover_arm_interface/lib/python3.8/site-packages:/Rover_2022_2023/software/install/tutorial_interfaces/lib/python3.8/site-packages:/opt/ros/foxy/lib/python3.8/site-packages /usr/bin/cmake --build /Rover_2022_2023/software/build/rover_arm -- -j12 -l12
