[0.070s] Invoking command in '/Rover_2022_2023/software/build/rover_arm': CMAKE_PREFIX_PATH=/Rover_2022_2023/software/install/rover_arm_interface:/Rover_2022_2023/software/install/tutorial_service:/Rover_2022_2023/software/install/tutorial_interfaces:/opt/ros/foxy LD_LIBRARY_PATH=/Rover_2022_2023/software/install/rover_arm_interface/lib:/Rover_2022_2023/software/install/tutorial_interfaces/lib:/opt/ros/foxy/opt/yaml_cpp_vendor/lib:/opt/ros/foxy/opt/rviz_ogre_vendor/lib:/opt/ros/foxy/lib/x86_64-linux-gnu:/opt/ros/foxy/lib PYTHONPATH=/Rover_2022_2023/software/install/rover_arm_interface/lib/python3.8/site-packages:/Rover_2022_2023/software/install/tutorial_interfaces/lib/python3.8/site-packages:/opt/ros/foxy/lib/python3.8/site-packages /usr/bin/cmake /Rover_2022_2023/software/ros_packages/rover_arm -DCMAKE_INSTALL_PREFIX=/Rover_2022_2023/software/install/rover_arm
[0.276s] -- The C compiler identification is GNU 9.4.0
[0.420s] -- The CXX compiler identification is GNU 9.4.0
[0.436s] -- Check for working C compiler: /usr/bin/cc
[0.673s] -- Check for working C compiler: /usr/bin/cc -- works
[0.676s] -- Detecting C compiler ABI info
[0.913s] -- Detecting C compiler ABI info - done
[0.964s] -- Detecting C compile features
[0.965s] -- Detecting C compile features - done
[0.975s] -- Check for working CXX compiler: /usr/bin/c++
[1.263s] -- Check for working CXX compiler: /usr/bin/c++ -- works
[1.267s] -- Detecting CXX compiler ABI info
[1.533s] -- Detecting CXX compiler ABI info - done
[1.575s] -- Detecting CXX compile features
[1.577s] -- Detecting CXX compile features - done
[1.585s] -- Found ament_cmake: 0.9.11 (/opt/ros/foxy/share/ament_cmake/cmake)
[1.666s] -- Found PythonInterp: /usr/bin/python3 (found suitable version "3.8.10", minimum required is "3") 
[1.666s] -- Using PYTHON_EXECUTABLE: /usr/bin/python3
[2.282s] -- Found rclcpp: 2.4.2 (/opt/ros/foxy/share/rclcpp/cmake)
[2.457s] -- Using all available rosidl_typesupport_c: rosidl_typesupport_fastrtps_c;rosidl_typesupport_introspection_c
[2.483s] -- Found rosidl_adapter: 1.3.0 (/opt/ros/foxy/share/rosidl_adapter/cmake)
[2.784s] -- Found OpenSSL: /usr/lib/x86_64-linux-gnu/libcrypto.so (found version "1.1.1f")  
[2.901s] -- Found FastRTPS: /opt/ros/foxy/include  
[3.206s] -- Using all available rosidl_typesupport_cpp: rosidl_typesupport_fastrtps_cpp;rosidl_typesupport_introspection_cpp
[3.413s] -- Found rmw_implementation_cmake: 1.0.3 (/opt/ros/foxy/share/rmw_implementation_cmake/cmake)
[3.419s] -- Using RMW implementation 'rmw_fastrtps_cpp' as default
[3.422s] -- Looking for pthread.h
[3.649s] -- Looking for pthread.h - found
[3.651s] -- Performing Test CMAKE_HAVE_LIBC_PTHREAD
[3.895s] -- Performing Test CMAKE_HAVE_LIBC_PTHREAD - Failed
[3.896s] -- Looking for pthread_create in pthreads
[4.084s] -- Looking for pthread_create in pthreads - not found
[4.085s] -- Looking for pthread_create in pthread
[4.313s] -- Looking for pthread_create in pthread - found
[4.317s] -- Found Threads: TRUE  
[4.887s] -- Found rover_arm_interface: 0.0.0 (/Rover_2022_2023/software/install/rover_arm_interface/share/rover_arm_interface/cmake)
[5.135s] -- Configuring done
[5.162s] -- Generating done
[5.167s] -- Build files have been written to: /Rover_2022_2023/software/build/rover_arm
[5.186s] Invoked command in '/Rover_2022_2023/software/build/rover_arm' returned '0': CMAKE_PREFIX_PATH=/Rover_2022_2023/software/install/rover_arm_interface:/Rover_2022_2023/software/install/tutorial_service:/Rover_2022_2023/software/install/tutorial_interfaces:/opt/ros/foxy LD_LIBRARY_PATH=/Rover_2022_2023/software/install/rover_arm_interface/lib:/Rover_2022_2023/software/install/tutorial_interfaces/lib:/opt/ros/foxy/opt/yaml_cpp_vendor/lib:/opt/ros/foxy/opt/rviz_ogre_vendor/lib:/opt/ros/foxy/lib/x86_64-linux-gnu:/opt/ros/foxy/lib PYTHONPATH=/Rover_2022_2023/software/install/rover_arm_interface/lib/python3.8/site-packages:/Rover_2022_2023/software/install/tutorial_interfaces/lib/python3.8/site-packages:/opt/ros/foxy/lib/python3.8/site-packages /usr/bin/cmake /Rover_2022_2023/software/ros_packages/rover_arm -DCMAKE_INSTALL_PREFIX=/Rover_2022_2023/software/install/rover_arm
[5.194s] Invoking command in '/Rover_2022_2023/software/build/rover_arm': CMAKE_PREFIX_PATH=/Rover_2022_2023/software/install/rover_arm_interface:/Rover_2022_2023/software/install/tutorial_service:/Rover_2022_2023/software/install/tutorial_interfaces:/opt/ros/foxy LD_LIBRARY_PATH=/Rover_2022_2023/software/install/rover_arm_interface/lib:/Rover_2022_2023/software/install/tutorial_interfaces/lib:/opt/ros/foxy/opt/yaml_cpp_vendor/lib:/opt/ros/foxy/opt/rviz_ogre_vendor/lib:/opt/ros/foxy/lib/x86_64-linux-gnu:/opt/ros/foxy/lib PYTHONPATH=/Rover_2022_2023/software/install/rover_arm_interface/lib/python3.8/site-packages:/Rover_2022_2023/software/install/tutorial_interfaces/lib/python3.8/site-packages:/opt/ros/foxy/lib/python3.8/site-packages /usr/bin/cmake --build /Rover_2022_2023/software/build/rover_arm -- -j12 -l12
[5.317s] [35m[1mScanning dependencies of target rover_arm[0m
[5.438s] [ 50%] [32mBuilding CXX object CMakeFiles/rover_arm.dir/src/rover_arm.cpp.o[0m
[9.574s] [01m[K/Rover_2022_2023/software/ros_packages/rover_arm/src/rover_arm.cpp:358:43:[m[K [01;31m[Kerror: [m[Kâ€˜[01m[Krover_arm[m[Kâ€™ does not name a type; did you mean â€˜[01m[KRoverArm[m[Kâ€™?
[9.574s]   358 |     void absolute_position_callback(const [01;31m[Krover_arm[m[K::ArmControlMessage::ConstPtr &msg) {
[9.574s]       |                                           [01;31m[K^~~~~~~~~[m[K
[9.575s]       |                                           [32m[KRoverArm[m[K
[9.575s] [01m[K/Rover_2022_2023/software/ros_packages/rover_arm/src/rover_arm.cpp:358:71:[m[K [01;31m[Kerror: [m[Kexpected unqualified-id before â€˜[01m[K::[m[Kâ€™ token
[9.575s]   358 |     void absolute_position_callback(const rover_arm::ArmControlMessage[01;31m[K::[m[KConstPtr &msg) {
[9.576s]       |                                                                       [01;31m[K^~[m[K
[9.576s] [01m[K/Rover_2022_2023/software/ros_packages/rover_arm/src/rover_arm.cpp:358:71:[m[K [01;31m[Kerror: [m[Kexpected â€˜[01m[K)[m[Kâ€™ before â€˜[01m[K::[m[Kâ€™ token
[9.576s]   358 |     void absolute_position_callback[34m[K([m[Kconst rover_arm::ArmControlMessage[01;31m[K:[m[K[32m[K:[m[KConstPtr &msg) {
[9.576s]       |                                    [34m[K~[m[K                                  [01;31m[K^[m[K[32m[K~[m[K
[9.577s]       |                                                                       [32m[K)[m[K
[9.577s] [01m[K/Rover_2022_2023/software/ros_packages/rover_arm/src/rover_arm.cpp:358:54:[m[K [01;31m[Kerror: [m[Kexpected â€˜[01m[K;[m[Kâ€™ at end of member declaration
[9.577s]   358 |     void absolute_position_callback(const rover_arm::[01;31m[KArmControlMessage[m[K::ConstPtr &msg) {
[9.578s]       |                                                      [01;31m[K^~~~~~~~~~~~~~~~~[m[K
[9.578s]       |                                                                       [32m[K;[m[K
[9.578s] [01m[K/Rover_2022_2023/software/ros_packages/rover_arm/src/rover_arm.cpp:358:73:[m[K [01;31m[Kerror: [m[Kâ€˜[01m[KConstPtr[m[Kâ€™ in namespace â€˜[01m[K::[m[Kâ€™ does not name a type
[9.578s]   358 |     void absolute_position_callback(const rover_arm::ArmControlMessage::[01;31m[KConstPtr[m[K &msg) {
[9.579s]       |                                                                         [01;31m[K^~~~~~~~[m[K
[9.580s] [01m[K/Rover_2022_2023/software/ros_packages/rover_arm/src/rover_arm.cpp:389:43:[m[K [01;31m[Kerror: [m[Kâ€˜[01m[Krover_arm[m[Kâ€™ does not name a type; did you mean â€˜[01m[KRoverArm[m[Kâ€™?
[9.581s]   389 |     void relative_position_callback(const [01;31m[Krover_arm[m[K::ArmControlMessage::ConstPtr &msg) {
[9.581s]       |                                           [01;31m[K^~~~~~~~~[m[K
[9.581s]       |                                           [32m[KRoverArm[m[K
[9.581s] [01m[K/Rover_2022_2023/software/ros_packages/rover_arm/src/rover_arm.cpp:389:71:[m[K [01;31m[Kerror: [m[Kexpected unqualified-id before â€˜[01m[K::[m[Kâ€™ token
[9.582s]   389 |     void relative_position_callback(const rover_arm::ArmControlMessage[01;31m[K::[m[KConstPtr &msg) {
[9.582s]       |                                                                       [01;31m[K^~[m[K
[9.583s] [01m[K/Rover_2022_2023/software/ros_packages/rover_arm/src/rover_arm.cpp:389:71:[m[K [01;31m[Kerror: [m[Kexpected â€˜[01m[K)[m[Kâ€™ before â€˜[01m[K::[m[Kâ€™ token
[9.583s]   389 |     void relative_position_callback[34m[K([m[Kconst rover_arm::ArmControlMessage[01;31m[K:[m[K[32m[K:[m[KConstPtr &msg) {
[9.583s]       |                                    [34m[K~[m[K                                  [01;31m[K^[m[K[32m[K~[m[K
[9.583s]       |                                                                       [32m[K)[m[K
[9.584s] [01m[K/Rover_2022_2023/software/ros_packages/rover_arm/src/rover_arm.cpp:389:54:[m[K [01;31m[Kerror: [m[Kexpected â€˜[01m[K;[m[Kâ€™ at end of member declaration
[9.584s]   389 |     void relative_position_callback(const rover_arm::[01;31m[KArmControlMessage[m[K::ConstPtr &msg) {
[9.584s]       |                                                      [01;31m[K^~~~~~~~~~~~~~~~~[m[K
[9.585s]       |                                                                       [32m[K;[m[K
[9.585s] [01m[K/Rover_2022_2023/software/ros_packages/rover_arm/src/rover_arm.cpp:389:73:[m[K [01;31m[Kerror: [m[Kâ€˜[01m[KConstPtr[m[Kâ€™ in namespace â€˜[01m[K::[m[Kâ€™ does not name a type
[9.585s]   389 |     void relative_position_callback(const rover_arm::ArmControlMessage::[01;31m[KConstPtr[m[K &msg) {
[9.585s]       |                                                                         [01;31m[K^~~~~~~~[m[K
[9.586s] [01m[K/Rover_2022_2023/software/ros_packages/rover_arm/src/rover_arm.cpp:418:5:[m[K [01;31m[Kerror: [m[Kâ€˜[01m[Kros[m[Kâ€™ does not name a type; did you mean â€˜[01m[Kcos[m[Kâ€™?
[9.586s]   418 |     [01;31m[Kros[m[K::NodeHandle *node_handle;
[9.586s]       |     [01;31m[K^~~[m[K
[9.586s]       |     [32m[Kcos[m[K
[9.587s] [01m[K/Rover_2022_2023/software/ros_packages/rover_arm/src/rover_arm.cpp:424:5:[m[K [01;31m[Kerror: [m[Kâ€˜[01m[Kros[m[Kâ€™ does not name a type; did you mean â€˜[01m[Kcos[m[Kâ€™?
[9.587s]   424 |     [01;31m[Kros[m[K::Publisher status_publisher;
[9.587s]       |     [01;31m[K^~~[m[K
[9.587s]       |     [32m[Kcos[m[K
[9.591s] [01m[K/Rover_2022_2023/software/ros_packages/rover_arm/src/rover_arm.cpp:425:5:[m[K [01;31m[Kerror: [m[Kâ€˜[01m[Krover_arm[m[Kâ€™ does not name a type; did you mean â€˜[01m[KRoverArm[m[Kâ€™?
[9.591s]   425 |     [01;31m[Krover_arm[m[K::ArmStatusMessage status_message;
[9.592s]       |     [01;31m[K^~~~~~~~~[m[K
[9.592s]       |     [32m[KRoverArm[m[K
[9.593s] [01m[K/Rover_2022_2023/software/ros_packages/rover_arm/src/rover_arm.cpp:427:5:[m[K [01;31m[Kerror: [m[Kâ€˜[01m[Kros[m[Kâ€™ does not name a type; did you mean â€˜[01m[Kcos[m[Kâ€™?
[9.593s]   427 |     [01;31m[Kros[m[K::Subscriber absolute_position_control_subscriber;
[9.594s]       |     [01;31m[K^~~[m[K
[9.594s]       |     [32m[Kcos[m[K
[9.595s] [01m[K/Rover_2022_2023/software/ros_packages/rover_arm/src/rover_arm.cpp:428:5:[m[K [01;31m[Kerror: [m[Kâ€˜[01m[Kros[m[Kâ€™ does not name a type; did you mean â€˜[01m[Kcos[m[Kâ€™?
[9.595s]   428 |     [01;31m[Kros[m[K::Subscriber relative_position_control_subscriber;
[9.596s]       |     [01;31m[K^~~[m[K
[9.596s]       |     [32m[Kcos[m[K
[9.597s] [01m[K/Rover_2022_2023/software/ros_packages/rover_arm/src/rover_arm.cpp:[m[K In constructor â€˜[01m[KRoverArm::RoverArm(int, char**)[m[Kâ€™:
[9.597s] [01m[K/Rover_2022_2023/software/ros_packages/rover_arm/src/rover_arm.cpp:84:9:[m[K [01;31m[Kerror: [m[Kâ€˜[01m[Kros[m[Kâ€™ has not been declared
[9.597s]    84 |         [01;31m[Kros[m[K::init(argc, argv, "rover_arm");
[9.598s]       |         [01;31m[K^~~[m[K
[9.606s] [01m[K/Rover_2022_2023/software/ros_packages/rover_arm/src/rover_arm.cpp:86:9:[m[K [01;31m[Kerror: [m[Kâ€˜[01m[Knode_handle[m[Kâ€™ was not declared in this scope
[9.606s]    86 |         [01;31m[Knode_handle[m[K = new ros::NodeHandle("~");
[9.606s]       |         [01;31m[K^~~~~~~~~~~[m[K
[9.608s] [01m[K/Rover_2022_2023/software/ros_packages/rover_arm/src/rover_arm.cpp:86:27:[m[K [01;31m[Kerror: [m[Kâ€˜[01m[Kros[m[Kâ€™ does not name a type; did you mean â€˜[01m[Kcos[m[Kâ€™?
[9.608s]    86 |         node_handle = new [01;31m[Kros[m[K::NodeHandle("~");
[9.609s]       |                           [01;31m[K^~~[m[K
[9.609s]       |                           [32m[Kcos[m[K
[9.615s] [01m[K/Rover_2022_2023/software/ros_packages/rover_arm/src/rover_arm.cpp:93:13:[m[K [01;31m[Kerror: [m[Kâ€˜[01m[KROS_ERROR[m[Kâ€™ was not declared in this scope
[9.615s]    93 |             [01;31m[KROS_ERROR[m[K("Could not connect to arm");
[9.615s]       |             [01;31m[K^~~~~~~~~[m[K
[9.636s] [01m[K/Rover_2022_2023/software/ros_packages/rover_arm/src/rover_arm.cpp:99:9:[m[K [01;31m[Kerror: [m[Kâ€˜[01m[Kabsolute_position_control_subscriber[m[Kâ€™ was not declared in this scope
[9.636s]    99 |         [01;31m[Kabsolute_position_control_subscriber[m[K = node_handle->subscribe(default_absolute_position_control_topic, 1,
[9.636s]       |         [01;31m[K^~~~~~~~~~~~~~~~~~~~~~~~~~~~~~~~~~~~[m[K
[9.658s] [01m[K/Rover_2022_2023/software/ros_packages/rover_arm/src/rover_arm.cpp:101:9:[m[K [01;31m[Kerror: [m[Kâ€˜[01m[Krelative_position_control_subscriber[m[Kâ€™ was not declared in this scope
[9.658s]   101 |         [01;31m[Krelative_position_control_subscriber[m[K = node_handle->subscribe(default_relative_position_control_topic, 1,
[9.658s]       |         [01;31m[K^~~~~~~~~~~~~~~~~~~~~~~~~~~~~~~~~~~~[m[K
[9.671s] [01m[K/Rover_2022_2023/software/ros_packages/rover_arm/src/rover_arm.cpp:104:9:[m[K [01;31m[Kerror: [m[Kâ€˜[01m[Kstatus_publisher[m[Kâ€™ was not declared in this scope
[9.672s]   104 |         [01;31m[Kstatus_publisher[m[K = node_handle->advertise<rover_arm::ArmStatusMessage>(default_arm_status_topic, 1);
[9.672s]       |         [01;31m[K^~~~~~~~~~~~~~~~[m[K
[9.672s] [01m[K/Rover_2022_2023/software/ros_packages/rover_arm/src/rover_arm.cpp:104:51:[m[K [01;31m[Kerror: [m[Kâ€˜[01m[Krover_arm[m[Kâ€™ has not been declared
[9.673s]   104 |         status_publisher = node_handle->advertise<[01;31m[Krover_arm[m[K::ArmStatusMessage>(default_arm_status_topic, 1);
[9.674s]       |                                                   [01;31m[K^~~~~~~~~[m[K
[9.674s] [01m[K/Rover_2022_2023/software/ros_packages/rover_arm/src/rover_arm.cpp:104:80:[m[K [01;35m[Kwarning: [m[Kleft operand of comma operator has no effect [[01;35m[K-Wunused-value[m[K]
[9.674s]   104 |         status_publisher = node_handle->advertise<rover_arm::ArmStatusMessage>([01;35m[Kdefault_arm_status_topic[m[K, 1);
[9.675s]       |                                                                                [01;35m[K^~~~~~~~~~~~~~~~~~~~~~~~[m[K
[9.675s] [01m[K/Rover_2022_2023/software/ros_packages/rover_arm/src/rover_arm.cpp:[m[K In member function â€˜[01m[Kvoid RoverArm::run()[m[Kâ€™:
[9.676s] [01m[K/Rover_2022_2023/software/ros_packages/rover_arm/src/rover_arm.cpp:127:16:[m[K [01;31m[Kerror: [m[Kâ€˜[01m[Kros[m[Kâ€™ has not been declared
[9.676s]   127 |         while ([01;31m[Kros[m[K::ok()) {
[9.676s]       |                [01;31m[K^~~[m[K
[9.677s] [01m[K/Rover_2022_2023/software/ros_packages/rover_arm/src/rover_arm.cpp:136:13:[m[K [01;31m[Kerror: [m[Kâ€˜[01m[Kros[m[Kâ€™ has not been declared
[9.677s]   136 |             [01;31m[Kros[m[K::spinOnce();
[9.678s]       |             [01;31m[K^~~[m[K
[9.682s] [01m[K/Rover_2022_2023/software/ros_packages/rover_arm/src/rover_arm.cpp:140:9:[m[K [01;31m[Kerror: [m[Kâ€˜[01m[KROS_ERROR[m[Kâ€™ was not declared in this scope
[9.683s]   140 |         [01;31m[KROS_ERROR[m[K("Shutting down.");
[9.683s]       |         [01;31m[K^~~~~~~~~[m[K
[9.684s] [01m[K/Rover_2022_2023/software/ros_packages/rover_arm/src/rover_arm.cpp:124:14:[m[K [01;35m[Kwarning: [m[Kunused variable â€˜[01m[Kdir[m[Kâ€™ [[01;35m[K-Wunused-variable[m[K]
[9.684s]   124 |         char [01;35m[Kdir[m[K = 0;
[9.685s]       |              [01;35m[K^~~[m[K
[9.698s] [01m[K/Rover_2022_2023/software/ros_packages/rover_arm/src/rover_arm.cpp:[m[K In member function â€˜[01m[Kvoid RoverArm::get_joint_statuses()[m[Kâ€™:
[9.698s] [01m[K/Rover_2022_2023/software/ros_packages/rover_arm/src/rover_arm.cpp:282:9:[m[K [01;31m[Kerror: [m[Kâ€˜[01m[Kstatus_message[m[Kâ€™ was not declared in this scope
[9.699s]   282 |         [01;31m[Kstatus_message[m[K.base = base_current_position / double(base_counts_per_rev);
[9.699s]       |         [01;31m[K^~~~~~~~~~~~~~[m[K
[9.711s] [01m[K/Rover_2022_2023/software/ros_packages/rover_arm/src/rover_arm.cpp:310:9:[m[K [01;31m[Kerror: [m[Kâ€˜[01m[Kstatus_publisher[m[Kâ€™ was not declared in this scope
[9.711s]   310 |         [01;31m[Kstatus_publisher[m[K.publish(status_message);
[9.712s]       |         [01;31m[K^~~~~~~~~~~~~~~~[m[K
[10.934s] make[2]: *** [CMakeFiles/rover_arm.dir/build.make:63: CMakeFiles/rover_arm.dir/src/rover_arm.cpp.o] Error 1
[10.934s] make[1]: *** [CMakeFiles/Makefile2:78: CMakeFiles/rover_arm.dir/all] Error 2
[10.935s] make: *** [Makefile:141: all] Error 2
[10.945s] Invoked command in '/Rover_2022_2023/software/build/rover_arm' returned '2': CMAKE_PREFIX_PATH=/Rover_2022_2023/software/install/rover_arm_interface:/Rover_2022_2023/software/install/tutorial_service:/Rover_2022_2023/software/install/tutorial_interfaces:/opt/ros/foxy LD_LIBRARY_PATH=/Rover_2022_2023/software/install/rover_arm_interface/lib:/Rover_2022_2023/software/install/tutorial_interfaces/lib:/opt/ros/foxy/opt/yaml_cpp_vendor/lib:/opt/ros/foxy/opt/rviz_ogre_vendor/lib:/opt/ros/foxy/lib/x86_64-linux-gnu:/opt/ros/foxy/lib PYTHONPATH=/Rover_2022_2023/software/install/rover_arm_interface/lib/python3.8/site-packages:/Rover_2022_2023/software/install/tutorial_interfaces/lib/python3.8/site-packages:/opt/ros/foxy/lib/python3.8/site-packages /usr/bin/cmake --build /Rover_2022_2023/software/build/rover_arm -- -j12 -l12
