[01m[K/Rover_2022_2023/software/ros_packages/rover_arm/src/rover_arm.cpp:7:10:[m[K [01;31m[Kfatal error: [m[Kros/console.h: No such file or directory
    7 | #include [01;31m[K<ros/console.h>[m[K
      |          [01;31m[K^~~~~~~~~~~~~~~[m[K
compilation terminated.
make[2]: *** [CMakeFiles/rover_arm.dir/build.make:63: CMakeFiles/rover_arm.dir/src/rover_arm.cpp.o] Error 1
make[1]: *** [CMakeFiles/Makefile2:78: CMakeFiles/rover_arm.dir/all] Error 2
make: *** [Makefile:141: all] Error 2
