[0.070s] Invoking command in '/Rover_2022_2023/software/build/rover_arm': CMAKE_PREFIX_PATH=/Rover_2022_2023/software/install/rover_arm_interface:/Rover_2022_2023/software/install/tutorial_service:/Rover_2022_2023/software/install/tutorial_interfaces:/opt/ros/foxy LD_LIBRARY_PATH=/Rover_2022_2023/software/install/rover_arm_interface/lib:/Rover_2022_2023/software/install/tutorial_interfaces/lib:/opt/ros/foxy/opt/yaml_cpp_vendor/lib:/opt/ros/foxy/opt/rviz_ogre_vendor/lib:/opt/ros/foxy/lib/x86_64-linux-gnu:/opt/ros/foxy/lib PYTHONPATH=/Rover_2022_2023/software/install/rover_arm_interface/lib/python3.8/site-packages:/Rover_2022_2023/software/install/tutorial_interfaces/lib/python3.8/site-packages:/opt/ros/foxy/lib/python3.8/site-packages /usr/bin/cmake --build /Rover_2022_2023/software/build/rover_arm -- -j12 -l12
[0.243s] [35m[1mScanning dependencies of target rover_arm[0m
[0.344s] [ 50%] [32mBuilding CXX object CMakeFiles/rover_arm.dir/src/rover_arm.cpp.o[0m
[4.787s] [01m[K/Rover_2022_2023/software/ros_packages/rover_arm/src/rover_arm.cpp:358:64:[m[K [01;31m[Kerror: [m[Kâ€˜[01m[KArmControlMessage[m[Kâ€™ in namespace â€˜[01m[Krover_arm_interface[m[Kâ€™ does not name a type
[4.787s]   358 |     void absolute_position_callback(const rover_arm_interface::[01;31m[KArmControlMessage[m[K::ConstPtr &msg) {
[4.788s]       |                                                                [01;31m[K^~~~~~~~~~~~~~~~~[m[K
[4.788s] [01m[K/Rover_2022_2023/software/ros_packages/rover_arm/src/rover_arm.cpp:358:92:[m[K [01;31m[Kerror: [m[Kexpected unqualified-id before â€˜[01m[K&[m[Kâ€™ token
[4.788s]   358 |     void absolute_position_callback(const rover_arm_interface::ArmControlMessage::ConstPtr [01;31m[K&[m[Kmsg) {
[4.788s]       |                                                                                            [01;31m[K^[m[K
[4.789s] [01m[K/Rover_2022_2023/software/ros_packages/rover_arm/src/rover_arm.cpp:358:91:[m[K [01;31m[Kerror: [m[Kexpected â€˜[01m[K)[m[Kâ€™ before â€˜[01m[K&[m[Kâ€™ token
[4.789s]   358 |     void absolute_position_callback[34m[K([m[Kconst rover_arm_interface::ArmControlMessage::ConstPtr[01;31m[K [m[K[32m[K&[m[Kmsg) {
[4.790s]       |                                    [34m[K~[m[K                                                      [01;31m[K^[m[K[32m[K~[m[K
[4.790s]       |                                                                                           [32m[K)[m[K
[4.790s] [01m[K/Rover_2022_2023/software/ros_packages/rover_arm/src/rover_arm.cpp:358:92:[m[K [01;31m[Kerror: [m[Kexpected â€˜[01m[K;[m[Kâ€™ at end of member declaration
[4.791s]   358 |     void absolute_position_callback(const rover_arm_interface::ArmControlMessage::ConstPtr [01;31m[K&[m[Kmsg) {
[4.791s]       |                                                                                            [01;31m[K^[m[K
[4.791s]       |                                                                                             [32m[K;[m[K
[4.791s] [01m[K/Rover_2022_2023/software/ros_packages/rover_arm/src/rover_arm.cpp:358:93:[m[K [01;31m[Kerror: [m[Kâ€˜[01m[Kmsg[m[Kâ€™ does not name a type
[4.792s]   358 |     void absolute_position_callback(const rover_arm_interface::ArmControlMessage::ConstPtr &[01;31m[Kmsg[m[K) {
[4.792s]       |                                                                                             [01;31m[K^~~[m[K
[4.792s] [01m[K/Rover_2022_2023/software/ros_packages/rover_arm/src/rover_arm.cpp:389:64:[m[K [01;31m[Kerror: [m[Kâ€˜[01m[KArmControlMessage[m[Kâ€™ in namespace â€˜[01m[Krover_arm_interface[m[Kâ€™ does not name a type
[4.793s]   389 |     void relative_position_callback(const rover_arm_interface::[01;31m[KArmControlMessage[m[K::ConstPtr &msg) {
[4.793s]       |                                                                [01;31m[K^~~~~~~~~~~~~~~~~[m[K
[4.793s] [01m[K/Rover_2022_2023/software/ros_packages/rover_arm/src/rover_arm.cpp:389:92:[m[K [01;31m[Kerror: [m[Kexpected unqualified-id before â€˜[01m[K&[m[Kâ€™ token
[4.794s]   389 |     void relative_position_callback(const rover_arm_interface::ArmControlMessage::ConstPtr [01;31m[K&[m[Kmsg) {
[4.794s]       |                                                                                            [01;31m[K^[m[K
[4.794s] [01m[K/Rover_2022_2023/software/ros_packages/rover_arm/src/rover_arm.cpp:389:91:[m[K [01;31m[Kerror: [m[Kexpected â€˜[01m[K)[m[Kâ€™ before â€˜[01m[K&[m[Kâ€™ token
[4.795s]   389 |     void relative_position_callback[34m[K([m[Kconst rover_arm_interface::ArmControlMessage::ConstPtr[01;31m[K [m[K[32m[K&[m[Kmsg) {
[4.795s]       |                                    [34m[K~[m[K                                                      [01;31m[K^[m[K[32m[K~[m[K
[4.795s]       |                                                                                           [32m[K)[m[K
[4.796s] [01m[K/Rover_2022_2023/software/ros_packages/rover_arm/src/rover_arm.cpp:389:92:[m[K [01;31m[Kerror: [m[Kexpected â€˜[01m[K;[m[Kâ€™ at end of member declaration
[4.796s]   389 |     void relative_position_callback(const rover_arm_interface::ArmControlMessage::ConstPtr [01;31m[K&[m[Kmsg) {
[4.796s]       |                                                                                            [01;31m[K^[m[K
[4.796s]       |                                                                                             [32m[K;[m[K
[4.797s] [01m[K/Rover_2022_2023/software/ros_packages/rover_arm/src/rover_arm.cpp:389:93:[m[K [01;31m[Kerror: [m[Kâ€˜[01m[Kmsg[m[Kâ€™ does not name a type
[4.797s]   389 |     void relative_position_callback(const rover_arm_interface::ArmControlMessage::ConstPtr &[01;31m[Kmsg[m[K) {
[4.797s]       |                                                                                             [01;31m[K^~~[m[K
[4.797s] [01m[K/Rover_2022_2023/software/ros_packages/rover_arm/src/rover_arm.cpp:418:5:[m[K [01;31m[Kerror: [m[Kâ€˜[01m[Kros[m[Kâ€™ does not name a type; did you mean â€˜[01m[Kcos[m[Kâ€™?
[4.798s]   418 |     [01;31m[Kros[m[K::NodeHandle *node_handle;
[4.798s]       |     [01;31m[K^~~[m[K
[4.798s]       |     [32m[Kcos[m[K
[4.799s] [01m[K/Rover_2022_2023/software/ros_packages/rover_arm/src/rover_arm.cpp:424:5:[m[K [01;31m[Kerror: [m[Kâ€˜[01m[Kros[m[Kâ€™ does not name a type; did you mean â€˜[01m[Kcos[m[Kâ€™?
[4.799s]   424 |     [01;31m[Kros[m[K::Publisher status_publisher;
[4.799s]       |     [01;31m[K^~~[m[K
[4.800s]       |     [32m[Kcos[m[K
[4.800s] [01m[K/Rover_2022_2023/software/ros_packages/rover_arm/src/rover_arm.cpp:425:26:[m[K [01;31m[Kerror: [m[Kâ€˜[01m[KArmStatusMessage[m[Kâ€™ in namespace â€˜[01m[Krover_arm_interface[m[Kâ€™ does not name a type
[4.800s]   425 |     rover_arm_interface::[01;31m[KArmStatusMessage[m[K status_message;
[4.800s]       |                          [01;31m[K^~~~~~~~~~~~~~~~[m[K
[4.801s] [01m[K/Rover_2022_2023/software/ros_packages/rover_arm/src/rover_arm.cpp:427:5:[m[K [01;31m[Kerror: [m[Kâ€˜[01m[Kros[m[Kâ€™ does not name a type; did you mean â€˜[01m[Kcos[m[Kâ€™?
[4.801s]   427 |     [01;31m[Kros[m[K::Subscriber absolute_position_control_subscriber;
[4.801s]       |     [01;31m[K^~~[m[K
[4.801s]       |     [32m[Kcos[m[K
[4.802s] [01m[K/Rover_2022_2023/software/ros_packages/rover_arm/src/rover_arm.cpp:428:5:[m[K [01;31m[Kerror: [m[Kâ€˜[01m[Kros[m[Kâ€™ does not name a type; did you mean â€˜[01m[Kcos[m[Kâ€™?
[4.802s]   428 |     [01;31m[Kros[m[K::Subscriber relative_position_control_subscriber;
[4.802s]       |     [01;31m[K^~~[m[K
[4.802s]       |     [32m[Kcos[m[K
[4.803s] [01m[K/Rover_2022_2023/software/ros_packages/rover_arm/src/rover_arm.cpp:[m[K In constructor â€˜[01m[KRoverArm::RoverArm(int, char**)[m[Kâ€™:
[4.803s] [01m[K/Rover_2022_2023/software/ros_packages/rover_arm/src/rover_arm.cpp:84:9:[m[K [01;31m[Kerror: [m[Kâ€˜[01m[Kros[m[Kâ€™ has not been declared
[4.803s]    84 |         [01;31m[Kros[m[K::init(argc, argv, "rover_arm");
[4.803s]       |         [01;31m[K^~~[m[K
[4.809s] [01m[K/Rover_2022_2023/software/ros_packages/rover_arm/src/rover_arm.cpp:86:9:[m[K [01;31m[Kerror: [m[Kâ€˜[01m[Knode_handle[m[Kâ€™ was not declared in this scope
[4.809s]    86 |         [01;31m[Knode_handle[m[K = new ros::NodeHandle("~");
[4.809s]       |         [01;31m[K^~~~~~~~~~~[m[K
[4.811s] [01m[K/Rover_2022_2023/software/ros_packages/rover_arm/src/rover_arm.cpp:86:27:[m[K [01;31m[Kerror: [m[Kâ€˜[01m[Kros[m[Kâ€™ does not name a type; did you mean â€˜[01m[Kcos[m[Kâ€™?
[4.811s]    86 |         node_handle = new [01;31m[Kros[m[K::NodeHandle("~");
[4.811s]       |                           [01;31m[K^~~[m[K
[4.811s]       |                           [32m[Kcos[m[K
[4.817s] [01m[K/Rover_2022_2023/software/ros_packages/rover_arm/src/rover_arm.cpp:93:13:[m[K [01;31m[Kerror: [m[Kâ€˜[01m[KROS_ERROR[m[Kâ€™ was not declared in this scope
[4.817s]    93 |             [01;31m[KROS_ERROR[m[K("Could not connect to arm");
[4.818s]       |             [01;31m[K^~~~~~~~~[m[K
[4.839s] [01m[K/Rover_2022_2023/software/ros_packages/rover_arm/src/rover_arm.cpp:99:9:[m[K [01;31m[Kerror: [m[Kâ€˜[01m[Kabsolute_position_control_subscriber[m[Kâ€™ was not declared in this scope
[4.840s]    99 |         [01;31m[Kabsolute_position_control_subscriber[m[K = node_handle->subscribe(default_absolute_position_control_topic, 1,
[4.840s]       |         [01;31m[K^~~~~~~~~~~~~~~~~~~~~~~~~~~~~~~~~~~~[m[K
[4.866s] [01m[K/Rover_2022_2023/software/ros_packages/rover_arm/src/rover_arm.cpp:101:9:[m[K [01;31m[Kerror: [m[Kâ€˜[01m[Krelative_position_control_subscriber[m[Kâ€™ was not declared in this scope
[4.866s]   101 |         [01;31m[Krelative_position_control_subscriber[m[K = node_handle->subscribe(default_relative_position_control_topic, 1,
[4.866s]       |         [01;31m[K^~~~~~~~~~~~~~~~~~~~~~~~~~~~~~~~~~~~[m[K
[4.879s] [01m[K/Rover_2022_2023/software/ros_packages/rover_arm/src/rover_arm.cpp:104:9:[m[K [01;31m[Kerror: [m[Kâ€˜[01m[Kstatus_publisher[m[Kâ€™ was not declared in this scope
[4.879s]   104 |         [01;31m[Kstatus_publisher[m[K = node_handle->advertise<rover_arm_interface::ArmStatusMessage>(default_arm_status_topic, 1);
[4.880s]       |         [01;31m[K^~~~~~~~~~~~~~~~[m[K
[4.881s] [01m[K/Rover_2022_2023/software/ros_packages/rover_arm/src/rover_arm.cpp:104:72:[m[K [01;31m[Kerror: [m[Kâ€˜[01m[KArmStatusMessage[m[Kâ€™ is not a member of â€˜[01m[Krover_arm_interface[m[Kâ€™; did you mean â€˜[01m[Krover_arm_interface::msg::ArmStatusMessage[m[Kâ€™?
[4.881s]   104 |         status_publisher = node_handle->advertise<rover_arm_interface::[01;31m[KArmStatusMessage[m[K>(default_arm_status_topic, 1);
[4.881s]       |                                                                        [01;31m[K^~~~~~~~~~~~~~~~[m[K
[4.882s] In file included from [01m[K/Rover_2022_2023/software/install/rover_arm_interface/include/rover_arm_interface/msg/arm_status_message.hpp:7[m[K,
[4.882s]                  from [01m[K/Rover_2022_2023/software/ros_packages/rover_arm/src/rover_arm.cpp:10[m[K:
[4.882s] [01m[K/Rover_2022_2023/software/install/rover_arm_interface/include/rover_arm_interface/msg/detail/arm_status_message__struct.hpp:443:7:[m[K [01;36m[Knote: [m[Kâ€˜[01m[Krover_arm_interface::msg::ArmStatusMessage[m[Kâ€™ declared here
[4.883s]   443 | using [01;36m[KArmStatusMessage[m[K =
[4.883s]       |       [01;36m[K^~~~~~~~~~~~~~~~[m[K
[4.883s] [01m[K/Rover_2022_2023/software/ros_packages/rover_arm/src/rover_arm.cpp:104:90:[m[K [01;35m[Kwarning: [m[Kleft operand of comma operator has no effect [[01;35m[K-Wunused-value[m[K]
[4.883s]   104 |         status_publisher = node_handle->advertise<rover_arm_interface::ArmStatusMessage>([01;35m[Kdefault_arm_status_topic[m[K, 1);
[4.884s]       |                                                                                          [01;35m[K^~~~~~~~~~~~~~~~~~~~~~~~[m[K
[4.884s] [01m[K/Rover_2022_2023/software/ros_packages/rover_arm/src/rover_arm.cpp:[m[K In member function â€˜[01m[Kvoid RoverArm::run()[m[Kâ€™:
[4.884s] [01m[K/Rover_2022_2023/software/ros_packages/rover_arm/src/rover_arm.cpp:127:16:[m[K [01;31m[Kerror: [m[Kâ€˜[01m[Kros[m[Kâ€™ has not been declared
[4.885s]   127 |         while ([01;31m[Kros[m[K::ok()) {
[4.885s]       |                [01;31m[K^~~[m[K
[4.885s] [01m[K/Rover_2022_2023/software/ros_packages/rover_arm/src/rover_arm.cpp:136:13:[m[K [01;31m[Kerror: [m[Kâ€˜[01m[Kros[m[Kâ€™ has not been declared
[4.885s]   136 |             [01;31m[Kros[m[K::spinOnce();
[4.886s]       |             [01;31m[K^~~[m[K
[4.890s] [01m[K/Rover_2022_2023/software/ros_packages/rover_arm/src/rover_arm.cpp:140:9:[m[K [01;31m[Kerror: [m[Kâ€˜[01m[KROS_ERROR[m[Kâ€™ was not declared in this scope
[4.890s]   140 |         [01;31m[KROS_ERROR[m[K("Shutting down.");
[4.891s]       |         [01;31m[K^~~~~~~~~[m[K
[4.891s] [01m[K/Rover_2022_2023/software/ros_packages/rover_arm/src/rover_arm.cpp:124:14:[m[K [01;35m[Kwarning: [m[Kunused variable â€˜[01m[Kdir[m[Kâ€™ [[01;35m[K-Wunused-variable[m[K]
[4.891s]   124 |         char [01;35m[Kdir[m[K = 0;
[4.891s]       |              [01;35m[K^~~[m[K
[4.905s] [01m[K/Rover_2022_2023/software/ros_packages/rover_arm/src/rover_arm.cpp:[m[K In member function â€˜[01m[Kvoid RoverArm::get_joint_statuses()[m[Kâ€™:
[4.905s] [01m[K/Rover_2022_2023/software/ros_packages/rover_arm/src/rover_arm.cpp:282:9:[m[K [01;31m[Kerror: [m[Kâ€˜[01m[Kstatus_message[m[Kâ€™ was not declared in this scope
[4.906s]   282 |         [01;31m[Kstatus_message[m[K.base = base_current_position / double(base_counts_per_rev);
[4.906s]       |         [01;31m[K^~~~~~~~~~~~~~[m[K
[4.917s] [01m[K/Rover_2022_2023/software/ros_packages/rover_arm/src/rover_arm.cpp:310:9:[m[K [01;31m[Kerror: [m[Kâ€˜[01m[Kstatus_publisher[m[Kâ€™ was not declared in this scope
[4.918s]   310 |         [01;31m[Kstatus_publisher[m[K.publish(status_message);
[4.918s]       |         [01;31m[K^~~~~~~~~~~~~~~~[m[K
[6.145s] make[2]: *** [CMakeFiles/rover_arm.dir/build.make:63: CMakeFiles/rover_arm.dir/src/rover_arm.cpp.o] Error 1
[6.145s] make[1]: *** [CMakeFiles/Makefile2:78: CMakeFiles/rover_arm.dir/all] Error 2
[6.146s] make: *** [Makefile:141: all] Error 2
[6.151s] Invoked command in '/Rover_2022_2023/software/build/rover_arm' returned '2': CMAKE_PREFIX_PATH=/Rover_2022_2023/software/install/rover_arm_interface:/Rover_2022_2023/software/install/tutorial_service:/Rover_2022_2023/software/install/tutorial_interfaces:/opt/ros/foxy LD_LIBRARY_PATH=/Rover_2022_2023/software/install/rover_arm_interface/lib:/Rover_2022_2023/software/install/tutorial_interfaces/lib:/opt/ros/foxy/opt/yaml_cpp_vendor/lib:/opt/ros/foxy/opt/rviz_ogre_vendor/lib:/opt/ros/foxy/lib/x86_64-linux-gnu:/opt/ros/foxy/lib PYTHONPATH=/Rover_2022_2023/software/install/rover_arm_interface/lib/python3.8/site-packages:/Rover_2022_2023/software/install/tutorial_interfaces/lib/python3.8/site-packages:/opt/ros/foxy/lib/python3.8/site-packages /usr/bin/cmake --build /Rover_2022_2023/software/build/rover_arm -- -j12 -l12
