[0.077s] Invoking command in '/Rover_2022_2023/software/build/rover_arm': CMAKE_PREFIX_PATH=/Rover_2022_2023/software/install/rover_arm_interface:/Rover_2022_2023/software/install/tutorial_service:/Rover_2022_2023/software/install/tutorial_interfaces:/opt/ros/foxy LD_LIBRARY_PATH=/Rover_2022_2023/software/install/rover_arm_interface/lib:/Rover_2022_2023/software/install/tutorial_interfaces/lib:/opt/ros/foxy/opt/yaml_cpp_vendor/lib:/opt/ros/foxy/opt/rviz_ogre_vendor/lib:/opt/ros/foxy/lib/x86_64-linux-gnu:/opt/ros/foxy/lib PYTHONPATH=/Rover_2022_2023/software/install/rover_arm_interface/lib/python3.8/site-packages:/Rover_2022_2023/software/install/tutorial_interfaces/lib/python3.8/site-packages:/opt/ros/foxy/lib/python3.8/site-packages /usr/bin/cmake --build /Rover_2022_2023/software/build/rover_arm -- -j12 -l12
[0.323s] [ 50%] [32mBuilding CXX object CMakeFiles/rover_arm.dir/src/rover_arm.cpp.o[0m
[4.577s] [01m[K/Rover_2022_2023/software/ros_packages/rover_arm/src/rover_arm.cpp:358:43:[m[K [01;31m[Kerror: [m[Kâ€˜[01m[Krover_arm[m[Kâ€™ does not name a type; did you mean â€˜[01m[KRoverArm[m[Kâ€™?
[4.577s]   358 |     void absolute_position_callback(const [01;31m[Krover_arm[m[K::ArmControlMessage::ConstPtr &msg) {
[4.578s]       |                                           [01;31m[K^~~~~~~~~[m[K
[4.578s]       |                                           [32m[KRoverArm[m[K
[4.579s] [01m[K/Rover_2022_2023/software/ros_packages/rover_arm/src/rover_arm.cpp:358:71:[m[K [01;31m[Kerror: [m[Kexpected unqualified-id before â€˜[01m[K::[m[Kâ€™ token
[4.579s]   358 |     void absolute_position_callback(const rover_arm::ArmControlMessage[01;31m[K::[m[KConstPtr &msg) {
[4.579s]       |                                                                       [01;31m[K^~[m[K
[4.580s] [01m[K/Rover_2022_2023/software/ros_packages/rover_arm/src/rover_arm.cpp:358:71:[m[K [01;31m[Kerror: [m[Kexpected â€˜[01m[K)[m[Kâ€™ before â€˜[01m[K::[m[Kâ€™ token
[4.580s]   358 |     void absolute_position_callback[34m[K([m[Kconst rover_arm::ArmControlMessage[01;31m[K:[m[K[32m[K:[m[KConstPtr &msg) {
[4.580s]       |                                    [34m[K~[m[K                                  [01;31m[K^[m[K[32m[K~[m[K
[4.581s]       |                                                                       [32m[K)[m[K
[4.581s] [01m[K/Rover_2022_2023/software/ros_packages/rover_arm/src/rover_arm.cpp:358:54:[m[K [01;31m[Kerror: [m[Kexpected â€˜[01m[K;[m[Kâ€™ at end of member declaration
[4.581s]   358 |     void absolute_position_callback(const rover_arm::[01;31m[KArmControlMessage[m[K::ConstPtr &msg) {
[4.581s]       |                                                      [01;31m[K^~~~~~~~~~~~~~~~~[m[K
[4.582s]       |                                                                       [32m[K;[m[K
[4.582s] [01m[K/Rover_2022_2023/software/ros_packages/rover_arm/src/rover_arm.cpp:358:73:[m[K [01;31m[Kerror: [m[Kâ€˜[01m[KConstPtr[m[Kâ€™ in namespace â€˜[01m[K::[m[Kâ€™ does not name a type
[4.583s]   358 |     void absolute_position_callback(const rover_arm::ArmControlMessage::[01;31m[KConstPtr[m[K &msg) {
[4.583s]       |                                                                         [01;31m[K^~~~~~~~[m[K
[4.586s] [01m[K/Rover_2022_2023/software/ros_packages/rover_arm/src/rover_arm.cpp:389:43:[m[K [01;31m[Kerror: [m[Kâ€˜[01m[Krover_arm[m[Kâ€™ does not name a type; did you mean â€˜[01m[KRoverArm[m[Kâ€™?
[4.586s]   389 |     void relative_position_callback(const [01;31m[Krover_arm[m[K::ArmControlMessage::ConstPtr &msg) {
[4.586s]       |                                           [01;31m[K^~~~~~~~~[m[K
[4.586s]       |                                           [32m[KRoverArm[m[K
[4.587s] [01m[K/Rover_2022_2023/software/ros_packages/rover_arm/src/rover_arm.cpp:389:71:[m[K [01;31m[Kerror: [m[Kexpected unqualified-id before â€˜[01m[K::[m[Kâ€™ token
[4.587s]   389 |     void relative_position_callback(const rover_arm::ArmControlMessage[01;31m[K::[m[KConstPtr &msg) {
[4.587s]       |                                                                       [01;31m[K^~[m[K
[4.588s] [01m[K/Rover_2022_2023/software/ros_packages/rover_arm/src/rover_arm.cpp:389:71:[m[K [01;31m[Kerror: [m[Kexpected â€˜[01m[K)[m[Kâ€™ before â€˜[01m[K::[m[Kâ€™ token
[4.588s]   389 |     void relative_position_callback[34m[K([m[Kconst rover_arm::ArmControlMessage[01;31m[K:[m[K[32m[K:[m[KConstPtr &msg) {
[4.588s]       |                                    [34m[K~[m[K                                  [01;31m[K^[m[K[32m[K~[m[K
[4.589s]       |                                                                       [32m[K)[m[K
[4.589s] [01m[K/Rover_2022_2023/software/ros_packages/rover_arm/src/rover_arm.cpp:389:54:[m[K [01;31m[Kerror: [m[Kexpected â€˜[01m[K;[m[Kâ€™ at end of member declaration
[4.589s]   389 |     void relative_position_callback(const rover_arm::[01;31m[KArmControlMessage[m[K::ConstPtr &msg) {
[4.590s]       |                                                      [01;31m[K^~~~~~~~~~~~~~~~~[m[K
[4.590s]       |                                                                       [32m[K;[m[K
[4.590s] [01m[K/Rover_2022_2023/software/ros_packages/rover_arm/src/rover_arm.cpp:389:73:[m[K [01;31m[Kerror: [m[Kâ€˜[01m[KConstPtr[m[Kâ€™ in namespace â€˜[01m[K::[m[Kâ€™ does not name a type
[4.591s]   389 |     void relative_position_callback(const rover_arm::ArmControlMessage::[01;31m[KConstPtr[m[K &msg) {
[4.591s]       |                                                                         [01;31m[K^~~~~~~~[m[K
[4.591s] [01m[K/Rover_2022_2023/software/ros_packages/rover_arm/src/rover_arm.cpp:418:5:[m[K [01;31m[Kerror: [m[Kâ€˜[01m[Kros[m[Kâ€™ does not name a type; did you mean â€˜[01m[Kcos[m[Kâ€™?
[4.591s]   418 |     [01;31m[Kros[m[K::NodeHandle *node_handle;
[4.592s]       |     [01;31m[K^~~[m[K
[4.592s]       |     [32m[Kcos[m[K
[4.593s] [01m[K/Rover_2022_2023/software/ros_packages/rover_arm/src/rover_arm.cpp:424:5:[m[K [01;31m[Kerror: [m[Kâ€˜[01m[Kros[m[Kâ€™ does not name a type; did you mean â€˜[01m[Kcos[m[Kâ€™?
[4.593s]   424 |     [01;31m[Kros[m[K::Publisher status_publisher;
[4.593s]       |     [01;31m[K^~~[m[K
[4.594s]       |     [32m[Kcos[m[K
[4.598s] [01m[K/Rover_2022_2023/software/ros_packages/rover_arm/src/rover_arm.cpp:425:5:[m[K [01;31m[Kerror: [m[Kâ€˜[01m[Krover_arm[m[Kâ€™ does not name a type; did you mean â€˜[01m[KRoverArm[m[Kâ€™?
[4.598s]   425 |     [01;31m[Krover_arm[m[K::ArmStatusMessage status_message;
[4.599s]       |     [01;31m[K^~~~~~~~~[m[K
[4.599s]       |     [32m[KRoverArm[m[K
[4.600s] [01m[K/Rover_2022_2023/software/ros_packages/rover_arm/src/rover_arm.cpp:427:5:[m[K [01;31m[Kerror: [m[Kâ€˜[01m[Kros[m[Kâ€™ does not name a type; did you mean â€˜[01m[Kcos[m[Kâ€™?
[4.601s]   427 |     [01;31m[Kros[m[K::Subscriber absolute_position_control_subscriber;
[4.601s]       |     [01;31m[K^~~[m[K
[4.601s]       |     [32m[Kcos[m[K
[4.603s] [01m[K/Rover_2022_2023/software/ros_packages/rover_arm/src/rover_arm.cpp:428:5:[m[K [01;31m[Kerror: [m[Kâ€˜[01m[Kros[m[Kâ€™ does not name a type; did you mean â€˜[01m[Kcos[m[Kâ€™?
[4.603s]   428 |     [01;31m[Kros[m[K::Subscriber relative_position_control_subscriber;
[4.603s]       |     [01;31m[K^~~[m[K
[4.604s]       |     [32m[Kcos[m[K
[4.605s] [01m[K/Rover_2022_2023/software/ros_packages/rover_arm/src/rover_arm.cpp:[m[K In constructor â€˜[01m[KRoverArm::RoverArm(int, char**)[m[Kâ€™:
[4.605s] [01m[K/Rover_2022_2023/software/ros_packages/rover_arm/src/rover_arm.cpp:84:9:[m[K [01;31m[Kerror: [m[Kâ€˜[01m[Kros[m[Kâ€™ has not been declared
[4.605s]    84 |         [01;31m[Kros[m[K::init(argc, argv, "rover_arm");
[4.606s]       |         [01;31m[K^~~[m[K
[4.613s] [01m[K/Rover_2022_2023/software/ros_packages/rover_arm/src/rover_arm.cpp:86:9:[m[K [01;31m[Kerror: [m[Kâ€˜[01m[Knode_handle[m[Kâ€™ was not declared in this scope
[4.614s]    86 |         [01;31m[Knode_handle[m[K = new ros::NodeHandle("~");
[4.614s]       |         [01;31m[K^~~~~~~~~~~[m[K
[4.616s] [01m[K/Rover_2022_2023/software/ros_packages/rover_arm/src/rover_arm.cpp:86:27:[m[K [01;31m[Kerror: [m[Kâ€˜[01m[Kros[m[Kâ€™ does not name a type; did you mean â€˜[01m[Kcos[m[Kâ€™?
[4.616s]    86 |         node_handle = new [01;31m[Kros[m[K::NodeHandle("~");
[4.616s]       |                           [01;31m[K^~~[m[K
[4.617s]       |                           [32m[Kcos[m[K
[4.623s] [01m[K/Rover_2022_2023/software/ros_packages/rover_arm/src/rover_arm.cpp:93:13:[m[K [01;31m[Kerror: [m[Kâ€˜[01m[KROS_ERROR[m[Kâ€™ was not declared in this scope
[4.623s]    93 |             [01;31m[KROS_ERROR[m[K("Could not connect to arm");
[4.624s]       |             [01;31m[K^~~~~~~~~[m[K
[4.649s] [01m[K/Rover_2022_2023/software/ros_packages/rover_arm/src/rover_arm.cpp:99:9:[m[K [01;31m[Kerror: [m[Kâ€˜[01m[Kabsolute_position_control_subscriber[m[Kâ€™ was not declared in this scope
[4.649s]    99 |         [01;31m[Kabsolute_position_control_subscriber[m[K = node_handle->subscribe(default_absolute_position_control_topic, 1,
[4.650s]       |         [01;31m[K^~~~~~~~~~~~~~~~~~~~~~~~~~~~~~~~~~~~[m[K
[4.675s] [01m[K/Rover_2022_2023/software/ros_packages/rover_arm/src/rover_arm.cpp:101:9:[m[K [01;31m[Kerror: [m[Kâ€˜[01m[Krelative_position_control_subscriber[m[Kâ€™ was not declared in this scope
[4.675s]   101 |         [01;31m[Krelative_position_control_subscriber[m[K = node_handle->subscribe(default_relative_position_control_topic, 1,
[4.676s]       |         [01;31m[K^~~~~~~~~~~~~~~~~~~~~~~~~~~~~~~~~~~~[m[K
[4.687s] [01m[K/Rover_2022_2023/software/ros_packages/rover_arm/src/rover_arm.cpp:104:9:[m[K [01;31m[Kerror: [m[Kâ€˜[01m[Kstatus_publisher[m[Kâ€™ was not declared in this scope
[4.688s]   104 |         [01;31m[Kstatus_publisher[m[K = node_handle->advertise<rover_arm::ArmStatusMessage>(default_arm_status_topic, 1);
[4.688s]       |         [01;31m[K^~~~~~~~~~~~~~~~[m[K
[4.689s] [01m[K/Rover_2022_2023/software/ros_packages/rover_arm/src/rover_arm.cpp:104:51:[m[K [01;31m[Kerror: [m[Kâ€˜[01m[Krover_arm[m[Kâ€™ has not been declared
[4.689s]   104 |         status_publisher = node_handle->advertise<[01;31m[Krover_arm[m[K::ArmStatusMessage>(default_arm_status_topic, 1);
[4.690s]       |                                                   [01;31m[K^~~~~~~~~[m[K
[4.690s] [01m[K/Rover_2022_2023/software/ros_packages/rover_arm/src/rover_arm.cpp:104:80:[m[K [01;35m[Kwarning: [m[Kleft operand of comma operator has no effect [[01;35m[K-Wunused-value[m[K]
[4.691s]   104 |         status_publisher = node_handle->advertise<rover_arm::ArmStatusMessage>([01;35m[Kdefault_arm_status_topic[m[K, 1);
[4.691s]       |                                                                                [01;35m[K^~~~~~~~~~~~~~~~~~~~~~~~[m[K
[4.691s] [01m[K/Rover_2022_2023/software/ros_packages/rover_arm/src/rover_arm.cpp:[m[K In member function â€˜[01m[Kvoid RoverArm::run()[m[Kâ€™:
[4.692s] [01m[K/Rover_2022_2023/software/ros_packages/rover_arm/src/rover_arm.cpp:127:16:[m[K [01;31m[Kerror: [m[Kâ€˜[01m[Kros[m[Kâ€™ has not been declared
[4.692s]   127 |         while ([01;31m[Kros[m[K::ok()) {
[4.692s]       |                [01;31m[K^~~[m[K
[4.693s] [01m[K/Rover_2022_2023/software/ros_packages/rover_arm/src/rover_arm.cpp:136:13:[m[K [01;31m[Kerror: [m[Kâ€˜[01m[Kros[m[Kâ€™ has not been declared
[4.693s]   136 |             [01;31m[Kros[m[K::spinOnce();
[4.694s]       |             [01;31m[K^~~[m[K
[4.696s] [01m[K/Rover_2022_2023/software/ros_packages/rover_arm/src/rover_arm.cpp:140:9:[m[K [01;31m[Kerror: [m[Kâ€˜[01m[KROS_ERROR[m[Kâ€™ was not declared in this scope
[4.696s]   140 |         [01;31m[KROS_ERROR[m[K("Shutting down.");
[4.696s]       |         [01;31m[K^~~~~~~~~[m[K
[4.697s] [01m[K/Rover_2022_2023/software/ros_packages/rover_arm/src/rover_arm.cpp:124:14:[m[K [01;35m[Kwarning: [m[Kunused variable â€˜[01m[Kdir[m[Kâ€™ [[01;35m[K-Wunused-variable[m[K]
[4.697s]   124 |         char [01;35m[Kdir[m[K = 0;
[4.697s]       |              [01;35m[K^~~[m[K
[4.709s] [01m[K/Rover_2022_2023/software/ros_packages/rover_arm/src/rover_arm.cpp:[m[K In member function â€˜[01m[Kvoid RoverArm::get_joint_statuses()[m[Kâ€™:
[4.709s] [01m[K/Rover_2022_2023/software/ros_packages/rover_arm/src/rover_arm.cpp:282:9:[m[K [01;31m[Kerror: [m[Kâ€˜[01m[Kstatus_message[m[Kâ€™ was not declared in this scope
[4.710s]   282 |         [01;31m[Kstatus_message[m[K.base = base_current_position / double(base_counts_per_rev);
[4.710s]       |         [01;31m[K^~~~~~~~~~~~~~[m[K
[4.719s] [01m[K/Rover_2022_2023/software/ros_packages/rover_arm/src/rover_arm.cpp:310:9:[m[K [01;31m[Kerror: [m[Kâ€˜[01m[Kstatus_publisher[m[Kâ€™ was not declared in this scope
[4.720s]   310 |         [01;31m[Kstatus_publisher[m[K.publish(status_message);
[4.720s]       |         [01;31m[K^~~~~~~~~~~~~~~~[m[K
[5.871s] make[2]: *** [CMakeFiles/rover_arm.dir/build.make:63: CMakeFiles/rover_arm.dir/src/rover_arm.cpp.o] Error 1
[5.871s] make[1]: *** [CMakeFiles/Makefile2:78: CMakeFiles/rover_arm.dir/all] Error 2
[5.872s] make: *** [Makefile:141: all] Error 2
[5.878s] Invoked command in '/Rover_2022_2023/software/build/rover_arm' returned '2': CMAKE_PREFIX_PATH=/Rover_2022_2023/software/install/rover_arm_interface:/Rover_2022_2023/software/install/tutorial_service:/Rover_2022_2023/software/install/tutorial_interfaces:/opt/ros/foxy LD_LIBRARY_PATH=/Rover_2022_2023/software/install/rover_arm_interface/lib:/Rover_2022_2023/software/install/tutorial_interfaces/lib:/opt/ros/foxy/opt/yaml_cpp_vendor/lib:/opt/ros/foxy/opt/rviz_ogre_vendor/lib:/opt/ros/foxy/lib/x86_64-linux-gnu:/opt/ros/foxy/lib PYTHONPATH=/Rover_2022_2023/software/install/rover_arm_interface/lib/python3.8/site-packages:/Rover_2022_2023/software/install/tutorial_interfaces/lib/python3.8/site-packages:/opt/ros/foxy/lib/python3.8/site-packages /usr/bin/cmake --build /Rover_2022_2023/software/build/rover_arm -- -j12 -l12
